<?xml version="1.0" encoding="UTF-8"?>
<testsuites>
  <testsuite name="Webo Test Suite" tests="567" assertions="972" failures="3" errors="62" time="8.590421">
    <testsuite name="Wealthbot\AdminBundle\Tests\Controller\PasInterfacesControllerTest" file="/home/vlad/work/wealthbot-core/src/Wealthbot/AdminBundle/Tests/Controller/PasInterfacesControllerTest.php" tests="1" assertions="0" failures="0" errors="1" time="0.263364">
      <testcase name="testIndexAction" class="Wealthbot\AdminBundle\Tests\Controller\PasInterfacesControllerTest" file="/home/vlad/work/wealthbot-core/src/Wealthbot/AdminBundle/Tests/Controller/PasInterfacesControllerTest.php" line="32" assertions="0" time="0.263364">
        <error type="PHPUnit_Framework_ExceptionWrapper">Wealthbot\AdminBundle\Tests\Controller\PasInterfacesControllerTest::testIndexAction
InvalidArgumentException: $user must be an instanceof of UserInterface, an object implementing a __toString method, or a primitive string.

/home/vlad/work/wealthbot-core/vendor/symfony/symfony/src/Symfony/Component/Security/Core/Authentication/Token/AbstractToken.php:92
/home/vlad/work/wealthbot-core/vendor/symfony/symfony/src/Symfony/Component/Security/Core/Authentication/Token/UsernamePasswordToken.php:42
/home/vlad/work/wealthbot-core/src/Wealthbot/UserBundle/TestSuit/ExtendedWebTestCase.php:71
/home/vlad/work/wealthbot-core/src/Wealthbot/AdminBundle/Tests/Controller/PasInterfacesControllerTest.php:29
/home/vlad/work/wealthbot-core/src/Wealthbot/AdminBundle/Tests/Controller/PasInterfacesControllerTest.php:34
/home/vlad/.composer/vendor/phpunit/phpunit/src/TextUI/Command.php:152
/home/vlad/.composer/vendor/phpunit/phpunit/src/TextUI/Command.php:104
</error>
      </testcase>
    </testsuite>
    <testsuite name="Wealthbot\AdminBundle\Tests\Manager\BusinessCalendarTest" file="/home/vlad/work/wealthbot-core/src/Wealthbot/AdminBundle/Tests/Manager/BusinessCalendarTest.php" tests="1" assertions="4" failures="0" errors="0" time="0.036724">
      <testcase name="testIndexAction" class="Wealthbot\AdminBundle\Tests\Manager\BusinessCalendarTest" file="/home/vlad/work/wealthbot-core/src/Wealthbot/AdminBundle/Tests/Manager/BusinessCalendarTest.php" line="10" assertions="4" time="0.036724"/>
    </testsuite>
    <testsuite name="Wealthbot\AdminBundle\Tests\Manager\CeModelManagerTest" file="/home/vlad/work/wealthbot-core/src/Wealthbot/AdminBundle/Tests/Manager/CeModelManagerTest.php" tests="10" assertions="33" failures="0" errors="0" time="0.011683">
      <testcase name="testCopyForOwner" class="Wealthbot\AdminBundle\Tests\Manager\CeModelManagerTest" file="/home/vlad/work/wealthbot-core/src/Wealthbot/AdminBundle/Tests/Manager/CeModelManagerTest.php" line="34" assertions="8" time="0.007840"/>
      <testcase name="testCreateCustomModel" class="Wealthbot\AdminBundle\Tests\Manager\CeModelManagerTest" file="/home/vlad/work/wealthbot-core/src/Wealthbot/AdminBundle/Tests/Manager/CeModelManagerTest.php" line="68" assertions="4" time="0.000401"/>
      <testcase name="testCreateStrategyModel" class="Wealthbot\AdminBundle\Tests\Manager\CeModelManagerTest" file="/home/vlad/work/wealthbot-core/src/Wealthbot/AdminBundle/Tests/Manager/CeModelManagerTest.php" line="78" assertions="2" time="0.000309"/>
      <testcase name="testCreateChild" class="Wealthbot\AdminBundle\Tests\Manager\CeModelManagerTest" file="/home/vlad/work/wealthbot-core/src/Wealthbot/AdminBundle/Tests/Manager/CeModelManagerTest.php" line="85" assertions="5" time="0.000413"/>
      <testcase name="testFindCeModelBy" class="Wealthbot\AdminBundle\Tests\Manager\CeModelManagerTest" file="/home/vlad/work/wealthbot-core/src/Wealthbot/AdminBundle/Tests/Manager/CeModelManagerTest.php" line="98" assertions="2" time="0.000371"/>
      <testcase name="testFindCeModelsBy" class="Wealthbot\AdminBundle\Tests\Manager\CeModelManagerTest" file="/home/vlad/work/wealthbot-core/src/Wealthbot/AdminBundle/Tests/Manager/CeModelManagerTest.php" line="105" assertions="2" time="0.000359"/>
      <testcase name="testFindCeModelBySlugAndOwnerId" class="Wealthbot\AdminBundle\Tests\Manager\CeModelManagerTest" file="/home/vlad/work/wealthbot-core/src/Wealthbot/AdminBundle/Tests/Manager/CeModelManagerTest.php" line="112" assertions="3" time="0.000445"/>
      <testcase name="testGetChildModelsByParentId" class="Wealthbot\AdminBundle\Tests\Manager\CeModelManagerTest" file="/home/vlad/work/wealthbot-core/src/Wealthbot/AdminBundle/Tests/Manager/CeModelManagerTest.php" line="121" assertions="3" time="0.000382"/>
      <testcase name="testGetAdminStrategyParentModels" class="Wealthbot\AdminBundle\Tests\Manager\CeModelManagerTest" file="/home/vlad/work/wealthbot-core/src/Wealthbot/AdminBundle/Tests/Manager/CeModelManagerTest.php" line="129" assertions="2" time="0.000373"/>
      <testcase name="testDeleteModel" class="Wealthbot\AdminBundle\Tests\Manager\CeModelManagerTest" file="/home/vlad/work/wealthbot-core/src/Wealthbot/AdminBundle/Tests/Manager/CeModelManagerTest.php" line="136" assertions="2" time="0.000789"/>
    </testsuite>
    <testsuite name="Wealthbot\AdminBundle\Tests\Manager\FeeManagerTest" file="/home/vlad/work/wealthbot-core/src/Wealthbot/AdminBundle/Tests/Manager/FeeManagerTest.php" tests="3" assertions="3" failures="0" errors="0" time="0.008206">
      <testcase name="testGetClientFees" class="Wealthbot\AdminBundle\Tests\Manager\FeeManagerTest" file="/home/vlad/work/wealthbot-core/src/Wealthbot/AdminBundle/Tests/Manager/FeeManagerTest.php" line="55" assertions="1" time="0.007842"/>
      <testcase name="testFeeCalculator" class="Wealthbot\AdminBundle\Tests\Manager\FeeManagerTest" file="/home/vlad/work/wealthbot-core/src/Wealthbot/AdminBundle/Tests/Manager/FeeManagerTest.php" line="232" assertions="1" time="0.000198"/>
      <testcase name="testFeeBilled" class="Wealthbot\AdminBundle\Tests\Manager\FeeManagerTest" file="/home/vlad/work/wealthbot-core/src/Wealthbot/AdminBundle/Tests/Manager/FeeManagerTest.php" line="247" assertions="1" time="0.000166"/>
    </testsuite>
    <testsuite name="Wealthbot\AdminBundle\Tests\Manager\TradeReconManagerTest" file="/home/vlad/work/wealthbot-core/src/Wealthbot/AdminBundle/Tests/Manager/TradeReconManagerTest.php" tests="5" assertions="0" failures="0" errors="5" time="0.967857">
      <testcase name="testEmptyData" class="Wealthbot\AdminBundle\Tests\Manager\TradeReconManagerTest" file="/home/vlad/work/wealthbot-core/src/Wealthbot/AdminBundle/Tests/Manager/TradeReconManagerTest.php" line="98" assertions="0" time="0.192799">
        <error type="PHPUnit_Framework_ExceptionWrapper">Wealthbot\AdminBundle\Tests\Manager\TradeReconManagerTest::testEmptyData
InvalidArgumentException: $user must be an instanceof of UserInterface, an object implementing a __toString method, or a primitive string.

/home/vlad/work/wealthbot-core/vendor/symfony/symfony/src/Symfony/Component/Security/Core/Authentication/Token/AbstractToken.php:92
/home/vlad/work/wealthbot-core/vendor/symfony/symfony/src/Symfony/Component/Security/Core/Authentication/Token/UsernamePasswordToken.php:42
/home/vlad/work/wealthbot-core/src/Wealthbot/UserBundle/TestSuit/ExtendedWebTestCase.php:71
/home/vlad/work/wealthbot-core/src/Wealthbot/AdminBundle/Tests/Manager/TradeReconManagerTest.php:91
/home/vlad/.composer/vendor/phpunit/phpunit/src/TextUI/Command.php:152
/home/vlad/.composer/vendor/phpunit/phpunit/src/TextUI/Command.php:104
</error>
      </testcase>
      <testcase name="testWasRebalancerDiffIsSet" class="Wealthbot\AdminBundle\Tests\Manager\TradeReconManagerTest" file="/home/vlad/work/wealthbot-core/src/Wealthbot/AdminBundle/Tests/Manager/TradeReconManagerTest.php" line="115" assertions="0" time="0.192387">
        <error type="PHPUnit_Framework_ExceptionWrapper">Wealthbot\AdminBundle\Tests\Manager\TradeReconManagerTest::testWasRebalancerDiffIsSet
InvalidArgumentException: $user must be an instanceof of UserInterface, an object implementing a __toString method, or a primitive string.

/home/vlad/work/wealthbot-core/vendor/symfony/symfony/src/Symfony/Component/Security/Core/Authentication/Token/AbstractToken.php:92
/home/vlad/work/wealthbot-core/vendor/symfony/symfony/src/Symfony/Component/Security/Core/Authentication/Token/UsernamePasswordToken.php:42
/home/vlad/work/wealthbot-core/src/Wealthbot/UserBundle/TestSuit/ExtendedWebTestCase.php:71
/home/vlad/work/wealthbot-core/src/Wealthbot/AdminBundle/Tests/Manager/TradeReconManagerTest.php:91
/home/vlad/.composer/vendor/phpunit/phpunit/src/TextUI/Command.php:152
/home/vlad/.composer/vendor/phpunit/phpunit/src/TextUI/Command.php:104
</error>
      </testcase>
      <testcase name="testNotExecutedTransaction" class="Wealthbot\AdminBundle\Tests\Manager\TradeReconManagerTest" file="/home/vlad/work/wealthbot-core/src/Wealthbot/AdminBundle/Tests/Manager/TradeReconManagerTest.php" line="132" assertions="0" time="0.192919">
        <error type="PHPUnit_Framework_ExceptionWrapper">Wealthbot\AdminBundle\Tests\Manager\TradeReconManagerTest::testNotExecutedTransaction
InvalidArgumentException: $user must be an instanceof of UserInterface, an object implementing a __toString method, or a primitive string.

/home/vlad/work/wealthbot-core/vendor/symfony/symfony/src/Symfony/Component/Security/Core/Authentication/Token/AbstractToken.php:92
/home/vlad/work/wealthbot-core/vendor/symfony/symfony/src/Symfony/Component/Security/Core/Authentication/Token/UsernamePasswordToken.php:42
/home/vlad/work/wealthbot-core/src/Wealthbot/UserBundle/TestSuit/ExtendedWebTestCase.php:71
/home/vlad/work/wealthbot-core/src/Wealthbot/AdminBundle/Tests/Manager/TradeReconManagerTest.php:91
/home/vlad/.composer/vendor/phpunit/phpunit/src/TextUI/Command.php:152
/home/vlad/.composer/vendor/phpunit/phpunit/src/TextUI/Command.php:104
</error>
      </testcase>
      <testcase name="testCorrectWork" class="Wealthbot\AdminBundle\Tests\Manager\TradeReconManagerTest" file="/home/vlad/work/wealthbot-core/src/Wealthbot/AdminBundle/Tests/Manager/TradeReconManagerTest.php" line="149" assertions="0" time="0.192519">
        <error type="PHPUnit_Framework_ExceptionWrapper">Wealthbot\AdminBundle\Tests\Manager\TradeReconManagerTest::testCorrectWork
InvalidArgumentException: $user must be an instanceof of UserInterface, an object implementing a __toString method, or a primitive string.

/home/vlad/work/wealthbot-core/vendor/symfony/symfony/src/Symfony/Component/Security/Core/Authentication/Token/AbstractToken.php:92
/home/vlad/work/wealthbot-core/vendor/symfony/symfony/src/Symfony/Component/Security/Core/Authentication/Token/UsernamePasswordToken.php:42
/home/vlad/work/wealthbot-core/src/Wealthbot/UserBundle/TestSuit/ExtendedWebTestCase.php:71
/home/vlad/work/wealthbot-core/src/Wealthbot/AdminBundle/Tests/Manager/TradeReconManagerTest.php:91
/home/vlad/.composer/vendor/phpunit/phpunit/src/TextUI/Command.php:152
/home/vlad/.composer/vendor/phpunit/phpunit/src/TextUI/Command.php:104
</error>
      </testcase>
      <testcase name="testNotPlannedTransaction" class="Wealthbot\AdminBundle\Tests\Manager\TradeReconManagerTest" file="/home/vlad/work/wealthbot-core/src/Wealthbot/AdminBundle/Tests/Manager/TradeReconManagerTest.php" line="166" assertions="0" time="0.197233">
        <error type="PHPUnit_Framework_ExceptionWrapper">Wealthbot\AdminBundle\Tests\Manager\TradeReconManagerTest::testNotPlannedTransaction
InvalidArgumentException: $user must be an instanceof of UserInterface, an object implementing a __toString method, or a primitive string.

/home/vlad/work/wealthbot-core/vendor/symfony/symfony/src/Symfony/Component/Security/Core/Authentication/Token/AbstractToken.php:92
/home/vlad/work/wealthbot-core/vendor/symfony/symfony/src/Symfony/Component/Security/Core/Authentication/Token/UsernamePasswordToken.php:42
/home/vlad/work/wealthbot-core/src/Wealthbot/UserBundle/TestSuit/ExtendedWebTestCase.php:71
/home/vlad/work/wealthbot-core/src/Wealthbot/AdminBundle/Tests/Manager/TradeReconManagerTest.php:91
/home/vlad/.composer/vendor/phpunit/phpunit/src/TextUI/Command.php:152
/home/vlad/.composer/vendor/phpunit/phpunit/src/TextUI/Command.php:104
</error>
      </testcase>
    </testsuite>
    <testsuite name="Wealthbot\AdminBundle\Tests\Model\ModelTest" file="/home/vlad/work/wealthbot-core/src/Wealthbot/AdminBundle/Tests/Model/ModelTest.php" tests="15" assertions="28" failures="0" errors="0" time="0.001022">
      <testcase name="testSetNegativeRiskRating" class="Wealthbot\AdminBundle\Tests\Model\ModelTest" file="/home/vlad/work/wealthbot-core/src/Wealthbot/AdminBundle/Tests/Model/ModelTest.php" line="25" assertions="1" time="0.000263"/>
      <testcase name="testSetPositiveRiskRating" class="Wealthbot\AdminBundle\Tests\Model\ModelTest" file="/home/vlad/work/wealthbot-core/src/Wealthbot/AdminBundle/Tests/Model/ModelTest.php" line="31" assertions="1" time="0.000052"/>
      <testcase name="testSetWrongType" class="Wealthbot\AdminBundle\Tests\Model\ModelTest" file="/home/vlad/work/wealthbot-core/src/Wealthbot/AdminBundle/Tests/Model/ModelTest.php" line="37" assertions="1" time="0.000062"/>
      <testcase name="testSetCorrectType" class="Wealthbot\AdminBundle\Tests\Model\ModelTest" file="/home/vlad/work/wealthbot-core/src/Wealthbot/AdminBundle/Tests/Model/ModelTest.php" line="43" assertions="2" time="0.000050"/>
      <testcase name="testGetCommissions" class="Wealthbot\AdminBundle\Tests\Model\ModelTest" file="/home/vlad/work/wealthbot-core/src/Wealthbot/AdminBundle/Tests/Model/ModelTest.php" line="52" assertions="4" time="0.000064"/>
      <testcase name="testSetForecast" class="Wealthbot\AdminBundle\Tests\Model\ModelTest" file="/home/vlad/work/wealthbot-core/src/Wealthbot/AdminBundle/Tests/Model/ModelTest.php" line="69" assertions="1" time="0.000044"/>
      <testcase name="testSetGenerousMarketReturn" class="Wealthbot\AdminBundle\Tests\Model\ModelTest" file="/home/vlad/work/wealthbot-core/src/Wealthbot/AdminBundle/Tests/Model/ModelTest.php" line="75" assertions="1" time="0.000042"/>
      <testcase name="testSetLowMarketReturn" class="Wealthbot\AdminBundle\Tests\Model\ModelTest" file="/home/vlad/work/wealthbot-core/src/Wealthbot/AdminBundle/Tests/Model/ModelTest.php" line="81" assertions="1" time="0.000042"/>
      <testcase name="testHasType" class="Wealthbot\AdminBundle\Tests\Model\ModelTest" file="/home/vlad/work/wealthbot-core/src/Wealthbot/AdminBundle/Tests/Model/ModelTest.php" line="87" assertions="2" time="0.000045"/>
      <testcase name="testIsStrategy" class="Wealthbot\AdminBundle\Tests\Model\ModelTest" file="/home/vlad/work/wealthbot-core/src/Wealthbot/AdminBundle/Tests/Model/ModelTest.php" line="95" assertions="1" time="0.000047"/>
      <testcase name="testIsCustom" class="Wealthbot\AdminBundle\Tests\Model\ModelTest" file="/home/vlad/work/wealthbot-core/src/Wealthbot/AdminBundle/Tests/Model/ModelTest.php" line="101" assertions="1" time="0.000041"/>
      <testcase name="testCopyForOwner" class="Wealthbot\AdminBundle\Tests\Model\ModelTest" file="/home/vlad/work/wealthbot-core/src/Wealthbot/AdminBundle/Tests/Model/ModelTest.php" line="107" assertions="6" time="0.000067"/>
      <testcase name="testAddModelEntity" class="Wealthbot\AdminBundle\Tests\Model\ModelTest" file="/home/vlad/work/wealthbot-core/src/Wealthbot/AdminBundle/Tests/Model/ModelTest.php" line="128" assertions="1" time="0.000055"/>
      <testcase name="testRemoveModelEntity" class="Wealthbot\AdminBundle\Tests\Model\ModelTest" file="/home/vlad/work/wealthbot-core/src/Wealthbot/AdminBundle/Tests/Model/ModelTest.php" line="148" assertions="1" time="0.000060"/>
      <testcase name="testBuildGroupModelEntities" class="Wealthbot\AdminBundle\Tests\Model\ModelTest" file="/home/vlad/work/wealthbot-core/src/Wealthbot/AdminBundle/Tests/Model/ModelTest.php" line="171" assertions="4" time="0.000088"/>
    </testsuite>
    <testsuite name="Wealthbot\AdminBundle\Tests\Model\PortfolioInformationTest" file="/home/vlad/work/wealthbot-core/src/Wealthbot/AdminBundle/Tests/Model/PortfolioInformationTest.php" tests="11" assertions="19" failures="0" errors="0" time="0.002662">
      <testcase name="testSetIsQualified" class="Wealthbot\AdminBundle\Tests\Model\PortfolioInformationTest" file="/home/vlad/work/wealthbot-core/src/Wealthbot/AdminBundle/Tests/Model/PortfolioInformationTest.php" line="83" assertions="2" time="0.001226"/>
      <testcase name="testGetNonQualifiedModelEntities" class="Wealthbot\AdminBundle\Tests\Model\PortfolioInformationTest" file="/home/vlad/work/wealthbot-core/src/Wealthbot/AdminBundle/Tests/Model/PortfolioInformationTest.php" line="92" assertions="1" time="0.000135"/>
      <testcase name="testGetQualifiedModelEntities" class="Wealthbot\AdminBundle\Tests\Model\PortfolioInformationTest" file="/home/vlad/work/wealthbot-core/src/Wealthbot/AdminBundle/Tests/Model/PortfolioInformationTest.php" line="99" assertions="1" time="0.000128"/>
      <testcase name="testGetModelEntities" class="Wealthbot\AdminBundle\Tests\Model\PortfolioInformationTest" file="/home/vlad/work/wealthbot-core/src/Wealthbot/AdminBundle/Tests/Model/PortfolioInformationTest.php" line="105" assertions="2" time="0.000135"/>
      <testcase name="testGetModelEntitiesAsJson" class="Wealthbot\AdminBundle\Tests\Model\PortfolioInformationTest" file="/home/vlad/work/wealthbot-core/src/Wealthbot/AdminBundle/Tests/Model/PortfolioInformationTest.php" line="113" assertions="2" time="0.000186"/>
      <testcase name="testGetFundExpenses" class="Wealthbot\AdminBundle\Tests\Model\PortfolioInformationTest" file="/home/vlad/work/wealthbot-core/src/Wealthbot/AdminBundle/Tests/Model/PortfolioInformationTest.php" line="135" assertions="2" time="0.000143"/>
      <testcase name="testGetInvestmentMarket" class="Wealthbot\AdminBundle\Tests\Model\PortfolioInformationTest" file="/home/vlad/work/wealthbot-core/src/Wealthbot/AdminBundle/Tests/Model/PortfolioInformationTest.php" line="144" assertions="2" time="0.000143"/>
      <testcase name="testGetGenerousInvestmentMarket" class="Wealthbot\AdminBundle\Tests\Model\PortfolioInformationTest" file="/home/vlad/work/wealthbot-core/src/Wealthbot/AdminBundle/Tests/Model/PortfolioInformationTest.php" line="162" assertions="2" time="0.000146"/>
      <testcase name="testGetAverageInvestmentMarket" class="Wealthbot\AdminBundle\Tests\Model\PortfolioInformationTest" file="/home/vlad/work/wealthbot-core/src/Wealthbot/AdminBundle/Tests/Model/PortfolioInformationTest.php" line="182" assertions="2" time="0.000142"/>
      <testcase name="testGetLowInvestmentMarket" class="Wealthbot\AdminBundle\Tests\Model\PortfolioInformationTest" file="/home/vlad/work/wealthbot-core/src/Wealthbot/AdminBundle/Tests/Model/PortfolioInformationTest.php" line="192" assertions="2" time="0.000146"/>
      <testcase name="testGetForecast" class="Wealthbot\AdminBundle\Tests\Model\PortfolioInformationTest" file="/home/vlad/work/wealthbot-core/src/Wealthbot/AdminBundle/Tests/Model/PortfolioInformationTest.php" line="212" assertions="1" time="0.000132"/>
    </testsuite>
    <testsuite name="Wealthbot\ClientBundle\Tests\Controller\ClientDashboardTest" file="/home/vlad/work/wealthbot-core/src/Wealthbot/ClientBundle/Tests/Controller/ClientDashboardTest.php" tests="1" assertions="0" failures="0" errors="1" time="0.192766">
      <testcase name="testHoldingsAction" class="Wealthbot\ClientBundle\Tests\Controller\ClientDashboardTest" file="/home/vlad/work/wealthbot-core/src/Wealthbot/ClientBundle/Tests/Controller/ClientDashboardTest.php" line="24" assertions="0" time="0.192766">
        <error type="PHPUnit_Framework_ExceptionWrapper">Wealthbot\ClientBundle\Tests\Controller\ClientDashboardTest::testHoldingsAction
InvalidArgumentException: $user must be an instanceof of UserInterface, an object implementing a __toString method, or a primitive string.

/home/vlad/work/wealthbot-core/vendor/symfony/symfony/src/Symfony/Component/Security/Core/Authentication/Token/AbstractToken.php:92
/home/vlad/work/wealthbot-core/vendor/symfony/symfony/src/Symfony/Component/Security/Core/Authentication/Token/UsernamePasswordToken.php:42
/home/vlad/work/wealthbot-core/src/Wealthbot/UserBundle/TestSuit/ExtendedWebTestCase.php:71
/home/vlad/work/wealthbot-core/src/Wealthbot/ClientBundle/Tests/Controller/ClientDashboardTest.php:26
/home/vlad/.composer/vendor/phpunit/phpunit/src/TextUI/Command.php:152
/home/vlad/.composer/vendor/phpunit/phpunit/src/TextUI/Command.php:104
</error>
      </testcase>
    </testsuite>
    <testsuite name="Wealthbot\ClientBundle\Tests\Docusign\DocusignCheckerStrategyTest" file="/home/vlad/work/wealthbot-core/src/Wealthbot/ClientBundle/Tests/Docusign/DocusignCheckerStrategyTest.php" tests="4" assertions="4" failures="0" errors="0" time="0.011296">
      <testcase name="testConditionsValid" class="Wealthbot\ClientBundle\Tests\Docusign\DocusignCheckerStrategyTest" file="/home/vlad/work/wealthbot-core/src/Wealthbot/ClientBundle/Tests/Docusign/DocusignCheckerStrategyTest.php" line="51" assertions="1" time="0.010941"/>
      <testcase name="testCustodianConditionInvalid" class="Wealthbot\ClientBundle\Tests\Docusign\DocusignCheckerStrategyTest" file="/home/vlad/work/wealthbot-core/src/Wealthbot/ClientBundle/Tests/Docusign/DocusignCheckerStrategyTest.php" line="63" assertions="1" time="0.000129"/>
      <testcase name="testPolicyConditionInvalid" class="Wealthbot\ClientBundle\Tests\Docusign\DocusignCheckerStrategyTest" file="/home/vlad/work/wealthbot-core/src/Wealthbot/ClientBundle/Tests/Docusign/DocusignCheckerStrategyTest.php" line="74" assertions="1" time="0.000110"/>
      <testcase name="testQuestionnaireConditionInvalid" class="Wealthbot\ClientBundle\Tests\Docusign\DocusignCheckerStrategyTest" file="/home/vlad/work/wealthbot-core/src/Wealthbot/ClientBundle/Tests/Docusign/DocusignCheckerStrategyTest.php" line="86" assertions="1" time="0.000116"/>
    </testsuite>
    <testsuite name="Wealthbot\ClientBundle\Tests\Docusign\TransferInformationConsolidatorConditionTest" file="/home/vlad/work/wealthbot-core/src/Wealthbot/ClientBundle/Tests/Docusign/TransferInformationConsolidatorConditionTest.php" tests="2" assertions="4" failures="0" errors="0" time="0.006029">
      <testcase name="testDocusignNotAllowed" class="Wealthbot\ClientBundle\Tests\Docusign\TransferInformationConsolidatorConditionTest" file="/home/vlad/work/wealthbot-core/src/Wealthbot/ClientBundle/Tests/Docusign/TransferInformationConsolidatorConditionTest.php" line="52" assertions="2" time="0.004630"/>
      <testcase name="testDocusignAllowed" class="Wealthbot\ClientBundle\Tests\Docusign\TransferInformationConsolidatorConditionTest" file="/home/vlad/work/wealthbot-core/src/Wealthbot/ClientBundle/Tests/Docusign/TransferInformationConsolidatorConditionTest.php" line="74" assertions="2" time="0.001399"/>
    </testsuite>
    <testsuite name="Wealthbot\ClientBundle\Tests\Docusign\TransferInformationCustodianConditionTest" file="/home/vlad/work/wealthbot-core/src/Wealthbot/ClientBundle/Tests/Docusign/TransferInformationCustodianConditionTest.php" tests="2" assertions="2" failures="0" errors="0" time="0.000101">
      <testcase name="testDocusignNotAllowed" class="Wealthbot\ClientBundle\Tests\Docusign\TransferInformationCustodianConditionTest" file="/home/vlad/work/wealthbot-core/src/Wealthbot/ClientBundle/Tests/Docusign/TransferInformationCustodianConditionTest.php" line="26" assertions="1" time="0.000058"/>
      <testcase name="testDocusignAllowed" class="Wealthbot\ClientBundle\Tests\Docusign\TransferInformationCustodianConditionTest" file="/home/vlad/work/wealthbot-core/src/Wealthbot/ClientBundle/Tests/Docusign/TransferInformationCustodianConditionTest.php" line="33" assertions="1" time="0.000043"/>
    </testsuite>
    <testsuite name="Wealthbot\ClientBundle\Tests\Docusign\TransferInformationPolicyConditionTest" file="/home/vlad/work/wealthbot-core/src/Wealthbot/ClientBundle/Tests/Docusign/TransferInformationPolicyConditionTest.php" tests="2" assertions="3" failures="0" errors="0" time="0.000100">
      <testcase name="testDocusignAllowed" class="Wealthbot\ClientBundle\Tests\Docusign\TransferInformationPolicyConditionTest" file="/home/vlad/work/wealthbot-core/src/Wealthbot/ClientBundle/Tests/Docusign/TransferInformationPolicyConditionTest.php" line="26" assertions="1" time="0.000054"/>
      <testcase name="testDocusignNotAllowed" class="Wealthbot\ClientBundle\Tests\Docusign\TransferInformationPolicyConditionTest" file="/home/vlad/work/wealthbot-core/src/Wealthbot/ClientBundle/Tests/Docusign/TransferInformationPolicyConditionTest.php" line="34" assertions="2" time="0.000046"/>
    </testsuite>
    <testsuite name="Wealthbot\ClientBundle\Tests\Docusign\TransferInformationQuestionnaireConditionTest" file="/home/vlad/work/wealthbot-core/src/Wealthbot/ClientBundle/Tests/Docusign/TransferInformationQuestionnaireConditionTest.php" tests="2" assertions="3" failures="0" errors="0" time="0.000195">
      <testcase name="testDocusignAllowed" class="Wealthbot\ClientBundle\Tests\Docusign\TransferInformationQuestionnaireConditionTest" file="/home/vlad/work/wealthbot-core/src/Wealthbot/ClientBundle/Tests/Docusign/TransferInformationQuestionnaireConditionTest.php" line="26" assertions="2" time="0.000101"/>
      <testcase name="testDocusignNotAllowed" class="Wealthbot\ClientBundle\Tests\Docusign\TransferInformationQuestionnaireConditionTest" file="/home/vlad/work/wealthbot-core/src/Wealthbot/ClientBundle/Tests/Docusign/TransferInformationQuestionnaireConditionTest.php" line="44" assertions="1" time="0.000094"/>
    </testsuite>
    <testsuite name="Wealthbot\ClientBundle\Tests\Manager\ClientAllocationValuesManagerTest" file="/home/vlad/work/wealthbot-core/src/Wealthbot/ClientBundle/Tests/Manager/ClientAllocationValuesManagerTest.php" tests="1" assertions="0" failures="0" errors="1" time="0.206945">
      <testcase name="testGetValues" class="Wealthbot\ClientBundle\Tests\Manager\ClientAllocationValuesManagerTest" file="/home/vlad/work/wealthbot-core/src/Wealthbot/ClientBundle/Tests/Manager/ClientAllocationValuesManagerTest.php" line="258" assertions="0" time="0.206945">
        <error type="PHPUnit_Framework_ExceptionWrapper">Wealthbot\ClientBundle\Tests\Manager\ClientAllocationValuesManagerTest::testGetValues
InvalidArgumentException: $user must be an instanceof of UserInterface, an object implementing a __toString method, or a primitive string.

/home/vlad/work/wealthbot-core/vendor/symfony/symfony/src/Symfony/Component/Security/Core/Authentication/Token/AbstractToken.php:92
/home/vlad/work/wealthbot-core/vendor/symfony/symfony/src/Symfony/Component/Security/Core/Authentication/Token/UsernamePasswordToken.php:42
/home/vlad/work/wealthbot-core/src/Wealthbot/UserBundle/TestSuit/ExtendedWebTestCase.php:71
/home/vlad/work/wealthbot-core/src/Wealthbot/ClientBundle/Tests/Manager/ClientAllocationValuesManagerTest.php:260
/home/vlad/.composer/vendor/phpunit/phpunit/src/TextUI/Command.php:152
/home/vlad/.composer/vendor/phpunit/phpunit/src/TextUI/Command.php:104
</error>
      </testcase>
    </testsuite>
    <testsuite name="Wealthbot\ClientBundle\Tests\Manager\ClientPortfolioManagerTest" file="/home/vlad/work/wealthbot-core/src/Wealthbot/ClientBundle/Tests/Manager/ClientPortfolioManagerTest.php" tests="5" assertions="20" failures="0" errors="0" time="0.012961">
      <testcase name="testProposePortfolio" class="Wealthbot\ClientBundle\Tests\Manager\ClientPortfolioManagerTest" file="/home/vlad/work/wealthbot-core/src/Wealthbot/ClientBundle/Tests/Manager/ClientPortfolioManagerTest.php" line="50" assertions="3" time="0.005939"/>
      <testcase name="testApproveProposedPortfolio" class="Wealthbot\ClientBundle\Tests\Manager\ClientPortfolioManagerTest" file="/home/vlad/work/wealthbot-core/src/Wealthbot/ClientBundle/Tests/Manager/ClientPortfolioManagerTest.php" line="62" assertions="5" time="0.002754"/>
      <testcase name="testApproveProposedPortfolioException2" class="Wealthbot\ClientBundle\Tests\Manager\ClientPortfolioManagerTest" file="/home/vlad/work/wealthbot-core/src/Wealthbot/ClientBundle/Tests/Manager/ClientPortfolioManagerTest.php" line="88" assertions="3" time="0.000608"/>
      <testcase name="testAcceptApprovedPortfolio" class="Wealthbot\ClientBundle\Tests\Manager\ClientPortfolioManagerTest" file="/home/vlad/work/wealthbot-core/src/Wealthbot/ClientBundle/Tests/Manager/ClientPortfolioManagerTest.php" line="115" assertions="6" time="0.003259"/>
      <testcase name="testAcceptApprovedPortfolioException" class="Wealthbot\ClientBundle\Tests\Manager\ClientPortfolioManagerTest" file="/home/vlad/work/wealthbot-core/src/Wealthbot/ClientBundle/Tests/Manager/ClientPortfolioManagerTest.php" line="136" assertions="3" time="0.000401"/>
    </testsuite>
    <testsuite name="Wealthbot\ClientBundle\Tests\Model\RiskToleranceTest" file="/home/vlad/work/wealthbot-core/src/Wealthbot/ClientBundle/Tests/Model/RiskToleranceTest.php" tests="3" assertions="3" failures="0" errors="0" time="0.001737">
      <testcase name="testGetPoints" class="Wealthbot\ClientBundle\Tests\Model\RiskToleranceTest" file="/home/vlad/work/wealthbot-core/src/Wealthbot/ClientBundle/Tests/Model/RiskToleranceTest.php" line="87" assertions="1" time="0.000978"/>
      <testcase name="testGetSuggestedPortfolio" class="Wealthbot\ClientBundle\Tests\Model\RiskToleranceTest" file="/home/vlad/work/wealthbot-core/src/Wealthbot/ClientBundle/Tests/Model/RiskToleranceTest.php" line="92" assertions="1" time="0.000341"/>
      <testcase name="testGetSuggestedPortfolioException" class="Wealthbot\ClientBundle\Tests\Model\RiskToleranceTest" file="/home/vlad/work/wealthbot-core/src/Wealthbot/ClientBundle/Tests/Model/RiskToleranceTest.php" line="100" assertions="1" time="0.000418"/>
    </testsuite>
    <testsuite name="Wealthbot\RiaBundle\Tests\Controller\BillingSpecControllerTest" file="/home/vlad/work/wealthbot-core/src/Wealthbot/RiaBundle/Tests/Controller/BillingSpecControllerTest.php" tests="3" assertions="9" failures="0" errors="0" time="1.917934">
      <testcase name="testIndexAction" class="Wealthbot\RiaBundle\Tests\Controller\BillingSpecControllerTest" file="/home/vlad/work/wealthbot-core/src/Wealthbot/RiaBundle/Tests/Controller/BillingSpecControllerTest.php" line="26" assertions="4" time="0.652510"/>
      <testcase name="testCreateAction" class="Wealthbot\RiaBundle\Tests\Controller\BillingSpecControllerTest" file="/home/vlad/work/wealthbot-core/src/Wealthbot/RiaBundle/Tests/Controller/BillingSpecControllerTest.php" line="41" assertions="2" time="0.650272"/>
      <testcase name="testUpdateAction" class="Wealthbot\RiaBundle\Tests\Controller\BillingSpecControllerTest" file="/home/vlad/work/wealthbot-core/src/Wealthbot/RiaBundle/Tests/Controller/BillingSpecControllerTest.php" line="71" assertions="3" time="0.615152"/>
    </testsuite>
    <testsuite name="Wealthbot\RiaBundle\Tests\Controller\DashboardControllerTest" file="/home/vlad/work/wealthbot-core/src/Wealthbot/RiaBundle/Tests/Controller/DashboardControllerTest.php" tests="1" assertions="3" failures="0" errors="0" time="0.811868">
      <testcase name="testIndexThereIsRequiredStepsAction" class="Wealthbot\RiaBundle\Tests\Controller\DashboardControllerTest" file="/home/vlad/work/wealthbot-core/src/Wealthbot/RiaBundle/Tests/Controller/DashboardControllerTest.php" line="22" assertions="3" time="0.811868"/>
    </testsuite>
    <testsuite name="Wealthbot\RiaBundle\Tests\Controller\ProspectsControllerTest" file="/home/vlad/work/wealthbot-core/src/Wealthbot/RiaBundle/Tests/Controller/ProspectsControllerTest.php" tests="2" assertions="0" failures="0" errors="2" time="0.388793">
      <testcase name="testSuggestedPortfolioAction" class="Wealthbot\RiaBundle\Tests\Controller\ProspectsControllerTest" file="/home/vlad/work/wealthbot-core/src/Wealthbot/RiaBundle/Tests/Controller/ProspectsControllerTest.php" line="26" assertions="0" time="0.193730">
        <error type="PHPUnit_Framework_ExceptionWrapper">Wealthbot\RiaBundle\Tests\Controller\ProspectsControllerTest::testSuggestedPortfolioAction
InvalidArgumentException: $user must be an instanceof of UserInterface, an object implementing a __toString method, or a primitive string.

/home/vlad/work/wealthbot-core/vendor/symfony/symfony/src/Symfony/Component/Security/Core/Authentication/Token/AbstractToken.php:92
/home/vlad/work/wealthbot-core/vendor/symfony/symfony/src/Symfony/Component/Security/Core/Authentication/Token/UsernamePasswordToken.php:42
/home/vlad/work/wealthbot-core/src/Wealthbot/UserBundle/TestSuit/ExtendedWebTestCase.php:71
/home/vlad/work/wealthbot-core/src/Wealthbot/RiaBundle/Tests/Controller/ProspectsControllerTest.php:28
/home/vlad/.composer/vendor/phpunit/phpunit/src/TextUI/Command.php:152
/home/vlad/.composer/vendor/phpunit/phpunit/src/TextUI/Command.php:104
</error>
      </testcase>
      <testcase name="testSuggestedPortfolioWrongUser" class="Wealthbot\RiaBundle\Tests\Controller\ProspectsControllerTest" file="/home/vlad/work/wealthbot-core/src/Wealthbot/RiaBundle/Tests/Controller/ProspectsControllerTest.php" line="41" assertions="0" time="0.195063">
        <error type="PHPUnit_Framework_ExceptionWrapper">Wealthbot\RiaBundle\Tests\Controller\ProspectsControllerTest::testSuggestedPortfolioWrongUser
InvalidArgumentException: $user must be an instanceof of UserInterface, an object implementing a __toString method, or a primitive string.

/home/vlad/work/wealthbot-core/vendor/symfony/symfony/src/Symfony/Component/Security/Core/Authentication/Token/AbstractToken.php:92
/home/vlad/work/wealthbot-core/vendor/symfony/symfony/src/Symfony/Component/Security/Core/Authentication/Token/UsernamePasswordToken.php:42
/home/vlad/work/wealthbot-core/src/Wealthbot/UserBundle/TestSuit/ExtendedWebTestCase.php:71
/home/vlad/work/wealthbot-core/src/Wealthbot/RiaBundle/Tests/Controller/ProspectsControllerTest.php:43
/home/vlad/.composer/vendor/phpunit/phpunit/src/TextUI/Command.php:152
/home/vlad/.composer/vendor/phpunit/phpunit/src/TextUI/Command.php:104
</error>
      </testcase>
    </testsuite>
    <testsuite name="Wealthbot\RiaBundle\Tests\Controller\DoctrineSubscriberTest" file="/home/vlad/work/wealthbot-core/src/Wealthbot/RiaBundle/Tests/Service/DoctrineSubscriberTest.php" tests="6" assertions="28" failures="0" errors="0" time="3.093331">
      <testcase name="testAddMaster" class="Wealthbot\RiaBundle\Tests\Controller\DoctrineSubscriberTest" file="/home/vlad/work/wealthbot-core/src/Wealthbot/RiaBundle/Tests/Service/DoctrineSubscriberTest.php" line="66" assertions="6" time="0.507228"/>
      <testcase name="testSetMaster" class="Wealthbot\RiaBundle\Tests\Controller\DoctrineSubscriberTest" file="/home/vlad/work/wealthbot-core/src/Wealthbot/RiaBundle/Tests/Service/DoctrineSubscriberTest.php" line="101" assertions="4" time="0.481916"/>
      <testcase name="testNoMaster" class="Wealthbot\RiaBundle\Tests\Controller\DoctrineSubscriberTest" file="/home/vlad/work/wealthbot-core/src/Wealthbot/RiaBundle/Tests/Service/DoctrineSubscriberTest.php" line="119" assertions="4" time="0.475729"/>
      <testcase name="testDeleteMaster" class="Wealthbot\RiaBundle\Tests\Controller\DoctrineSubscriberTest" file="/home/vlad/work/wealthbot-core/src/Wealthbot/RiaBundle/Tests/Service/DoctrineSubscriberTest.php" line="137" assertions="2" time="0.483508"/>
      <testcase name="testAddThreeMasters" class="Wealthbot\RiaBundle\Tests\Controller\DoctrineSubscriberTest" file="/home/vlad/work/wealthbot-core/src/Wealthbot/RiaBundle/Tests/Service/DoctrineSubscriberTest.php" line="151" assertions="6" time="0.590559"/>
      <testcase name="testAdminFee" class="Wealthbot\RiaBundle\Tests\Controller\DoctrineSubscriberTest" file="/home/vlad/work/wealthbot-core/src/Wealthbot/RiaBundle/Tests/Service/DoctrineSubscriberTest.php" line="173" assertions="6" time="0.554391"/>
    </testsuite>
    <testsuite name="Test\Console\WealthbotRebalancerTest" file="/home/vlad/work/wealthbot-core/system/Test/Case/Console/WealthbotRebalancerTest.php" tests="63" assertions="153" failures="3" errors="3" time="0.091026">
      <testcase name="testGetClient" class="Test\Console\WealthbotRebalancerTest" file="/home/vlad/work/wealthbot-core/system/Test/Case/Console/WealthbotRebalancerTest.php" line="79" assertions="2" time="0.010309"/>
      <testcase name="testGetBusinessCalendarManager" class="Test\Console\WealthbotRebalancerTest" file="/home/vlad/work/wealthbot-core/system/Test/Case/Console/WealthbotRebalancerTest.php" line="87" assertions="2" time="0.000848"/>
      <testcase name="testGetJob" class="Test\Console\WealthbotRebalancerTest" file="/home/vlad/work/wealthbot-core/system/Test/Case/Console/WealthbotRebalancerTest.php" line="95" assertions="2" time="0.001169"/>
      <testcase name="testGetRebalancerAction" class="Test\Console\WealthbotRebalancerTest" file="/home/vlad/work/wealthbot-core/system/Test/Case/Console/WealthbotRebalancerTest.php" line="125" assertions="1" time="0.001793"/>
      <testcase name="testAddRepositoryAndGetRepository" class="Test\Console\WealthbotRebalancerTest" file="/home/vlad/work/wealthbot-core/system/Test/Case/Console/WealthbotRebalancerTest.php" line="158" assertions="3" time="0.000503"/>
      <testcase name="testStart" class="Test\Console\WealthbotRebalancerTest" file="/home/vlad/work/wealthbot-core/system/Test/Case/Console/WealthbotRebalancerTest.php" line="170" assertions="1" time="0.001249"/>
      <testcase name="testStartForJob" class="Test\Console\WealthbotRebalancerTest" file="/home/vlad/work/wealthbot-core/system/Test/Case/Console/WealthbotRebalancerTest.php" line="197" assertions="1" time="0.001075"/>
      <testcase name="testStartForRebalancerAction" class="Test\Console\WealthbotRebalancerTest" file="/home/vlad/work/wealthbot-core/system/Test/Case/Console/WealthbotRebalancerTest.php" line="238" assertions="2" time="0.000787"/>
      <testcase name="testStartForRebalancerActionWithoutAccounts" class="Test\Console\WealthbotRebalancerTest" file="/home/vlad/work/wealthbot-core/system/Test/Case/Console/WealthbotRebalancerTest.php" line="281" assertions="1" time="0.000374"/>
      <testcase name="testStartForClient" class="Test\Console\WealthbotRebalancerTest" file="/home/vlad/work/wealthbot-core/system/Test/Case/Console/WealthbotRebalancerTest.php" line="314" assertions="5" time="0.003689"/>
      <testcase name="testRebalancingTriggerStatusAnalyzed" class="Test\Console\WealthbotRebalancerTest" file="/home/vlad/work/wealthbot-core/system/Test/Case/Console/WealthbotRebalancerTest.php" line="373" assertions="1" time="0.000590"/>
      <testcase name="testRebalancingTriggerStatusInitialRebalanceComplete" class="Test\Console\WealthbotRebalancerTest" file="/home/vlad/work/wealthbot-core/system/Test/Case/Console/WealthbotRebalancerTest.php" line="384" assertions="1" time="0.000273"/>
      <testcase name="testRebalancingTriggerStatusInitRebalance" class="Test\Console\WealthbotRebalancerTest" file="/home/vlad/work/wealthbot-core/system/Test/Case/Console/WealthbotRebalancerTest.php" line="394" assertions="1" time="0.000592"/>
      <testcase name="testRebalancingTriggerStatusRebalanced" class="Test\Console\WealthbotRebalancerTest" file="/home/vlad/work/wealthbot-core/system/Test/Case/Console/WealthbotRebalancerTest.php" line="404" assertions="1" time="0.000274"/>
      <testcase name="testRebalancingTriggerStatusRegistered" class="Test\Console\WealthbotRebalancerTest" file="/home/vlad/work/wealthbot-core/system/Test/Case/Console/WealthbotRebalancerTest.php" line="414" assertions="1" time="0.000710"/>
      <testcase name="testRebalancingTriggerStatusActive" class="Test\Console\WealthbotRebalancerTest" file="/home/vlad/work/wealthbot-core/system/Test/Case/Console/WealthbotRebalancerTest.php" line="425" assertions="1" time="0.000275"/>
      <testcase name="testRebalancingTriggerStatusWaitingActivation" class="Test\Console\WealthbotRebalancerTest" file="/home/vlad/work/wealthbot-core/system/Test/Case/Console/WealthbotRebalancerTest.php" line="437" assertions="1" time="0.000271"/>
      <testcase name="testRebalancingTriggerStatusClose" class="Test\Console\WealthbotRebalancerTest" file="/home/vlad/work/wealthbot-core/system/Test/Case/Console/WealthbotRebalancerTest.php" line="448" assertions="1" time="0.000272"/>
      <testcase name="testAccountRebalance" class="Test\Console\WealthbotRebalancerTest" file="/home/vlad/work/wealthbot-core/system/Test/Case/Console/WealthbotRebalancerTest.php" line="459" assertions="1" time="0.003527"/>
      <testcase name="testHouseholdRebalance" class="Test\Console\WealthbotRebalancerTest" file="/home/vlad/work/wealthbot-core/system/Test/Case/Console/WealthbotRebalancerTest.php" line="498" assertions="1" time="0.001350"/>
      <testcase name="testPrepareAccountWithSecurities" class="Test\Console\WealthbotRebalancerTest" file="/home/vlad/work/wealthbot-core/system/Test/Case/Console/WealthbotRebalancerTest.php" line="517" assertions="11" time="0.002302"/>
      <testcase name="testPrepareAccountWithoutSecurities" class="Test\Console\WealthbotRebalancerTest" file="/home/vlad/work/wealthbot-core/system/Test/Case/Console/WealthbotRebalancerTest.php" line="584" assertions="13" time="0.001577"/>
      <testcase name="testPrepareCollection" class="Test\Console\WealthbotRebalancerTest" file="/home/vlad/work/wealthbot-core/system/Test/Case/Console/WealthbotRebalancerTest.php" line="655" assertions="1" time="0.002229"/>
      <testcase name="testPrepareCollectionPortfolioNotFoundException" class="Test\Console\WealthbotRebalancerTest" file="/home/vlad/work/wealthbot-core/system/Test/Case/Console/WealthbotRebalancerTest.php" line="696" assertions="2" time="0.000368"/>
      <testcase name="testPrepareCollectionEmptySecuritiesException" class="Test\Console\WealthbotRebalancerTest" file="/home/vlad/work/wealthbot-core/system/Test/Case/Console/WealthbotRebalancerTest.php" line="720" assertions="2" time="0.000464"/>
      <testcase name="testLiquidateAccountNoNeed" class="Test\Console\WealthbotRebalancerTest" file="/home/vlad/work/wealthbot-core/system/Test/Case/Console/WealthbotRebalancerTest.php" line="751" assertions="1" time="0.000755"/>
      <testcase name="testLiquidateAccountIfNeed" class="Test\Console\WealthbotRebalancerTest" file="/home/vlad/work/wealthbot-core/system/Test/Case/Console/WealthbotRebalancerTest.php" line="776" assertions="10" time="0.001765"/>
      <testcase name="testCheckCashNeeds" class="Test\Console\WealthbotRebalancerTest" file="/home/vlad/work/wealthbot-core/system/Test/Case/Console/WealthbotRebalancerTest.php" line="886" assertions="2" time="0.000251"/>
      <testcase name="testSellSubclass" class="Test\Console\WealthbotRebalancerTest" file="/home/vlad/work/wealthbot-core/system/Test/Case/Console/WealthbotRebalancerTest.php" line="915" assertions="11" time="0.011109"/>
      <testcase name="testBuySecurity" class="Test\Console\WealthbotRebalancerTest" file="/home/vlad/work/wealthbot-core/system/Test/Case/Console/WealthbotRebalancerTest.php" line="985" assertions="0" time="0.001174">
        <error type="PHPUnit_Framework_ExceptionWrapper">Test\Console\WealthbotRebalancerTest::testBuySecurity
Exception: Cannot buy:  . Transaction check fails. (Amount:3450)

/home/vlad/work/wealthbot-core/system/Console/WealthbotRebalancer.php:905
/home/vlad/work/wealthbot-core/system/Test/Case/Console/WealthbotRebalancerTest.php:1004
/home/vlad/.composer/vendor/phpunit/phpunit/src/TextUI/Command.php:152
/home/vlad/.composer/vendor/phpunit/phpunit/src/TextUI/Command.php:104
</error>
      </testcase>
      <testcase name="testBuySecurityZeroAmountException" class="Test\Console\WealthbotRebalancerTest" file="/home/vlad/work/wealthbot-core/system/Test/Case/Console/WealthbotRebalancerTest.php" line="1013" assertions="2" time="0.000362"/>
      <testcase name="testBuySecurityLessThanZeroAmountException" class="Test\Console\WealthbotRebalancerTest" file="/home/vlad/work/wealthbot-core/system/Test/Case/Console/WealthbotRebalancerTest.php" line="1044" assertions="2" time="0.000347"/>
      <testcase name="testBuySubclassSecurity" class="Test\Console\WealthbotRebalancerTest" file="/home/vlad/work/wealthbot-core/system/Test/Case/Console/WealthbotRebalancerTest.php" line="1075" assertions="0" time="0.001153">
        <error type="PHPUnit_Framework_ExceptionWrapper">Test\Console\WealthbotRebalancerTest::testBuySubclassSecurity
Exception: Cannot buy:  . Transaction check fails. (Amount:1550)

/home/vlad/work/wealthbot-core/system/Console/WealthbotRebalancer.php:905
/home/vlad/work/wealthbot-core/system/Console/WealthbotRebalancer.php:809
/home/vlad/work/wealthbot-core/system/Test/Case/Console/WealthbotRebalancerTest.php:1105
/home/vlad/.composer/vendor/phpunit/phpunit/src/TextUI/Command.php:152
/home/vlad/.composer/vendor/phpunit/phpunit/src/TextUI/Command.php:104
</error>
      </testcase>
      <testcase name="testBuySubclassMuniSecurity" class="Test\Console\WealthbotRebalancerTest" file="/home/vlad/work/wealthbot-core/system/Test/Case/Console/WealthbotRebalancerTest.php" line="1116" assertions="0" time="0.000619">
        <error type="PHPUnit_Framework_ExceptionWrapper">Test\Console\WealthbotRebalancerTest::testBuySubclassMuniSecurity
Exception: Cannot buy:  . Transaction check fails. (Amount:1550)

/home/vlad/work/wealthbot-core/system/Console/WealthbotRebalancer.php:905
/home/vlad/work/wealthbot-core/system/Console/WealthbotRebalancer.php:809
/home/vlad/work/wealthbot-core/system/Test/Case/Console/WealthbotRebalancerTest.php:1146
/home/vlad/.composer/vendor/phpunit/phpunit/src/TextUI/Command.php:152
/home/vlad/.composer/vendor/phpunit/phpunit/src/TextUI/Command.php:104
</error>
      </testcase>
      <testcase name="testBuyRequiredCash" class="Test\Console\WealthbotRebalancerTest" file="/home/vlad/work/wealthbot-core/system/Test/Case/Console/WealthbotRebalancerTest.php" line="1157" assertions="1" time="0.002530">
        <failure type="PHPUnit_Framework_ExpectationFailedException">Test\Console\WealthbotRebalancerTest::testBuyRequiredCash
Failed asserting that actual size 0 matches expected size 3.

/home/vlad/work/wealthbot-core/system/Test/Case/Console/WealthbotRebalancerTest.php:1362
/home/vlad/.composer/vendor/phpunit/phpunit/src/TextUI/Command.php:152
/home/vlad/.composer/vendor/phpunit/phpunit/src/TextUI/Command.php:104
</failure>
      </testcase>
      <testcase name="testSellSubclassHousehold" class="Test\Console\WealthbotRebalancerTest" file="/home/vlad/work/wealthbot-core/system/Test/Case/Console/WealthbotRebalancerTest.php" line="1383" assertions="2" time="0.001253"/>
      <testcase name="testBuySubclassHousehold" class="Test\Console\WealthbotRebalancerTest" file="/home/vlad/work/wealthbot-core/system/Test/Case/Console/WealthbotRebalancerTest.php" line="1450" assertions="2" time="0.001215"/>
      <testcase name="testGetBuyAndSellLimit" class="Test\Console\WealthbotRebalancerTest" file="/home/vlad/work/wealthbot-core/system/Test/Case/Console/WealthbotRebalancerTest.php" line="1521" assertions="2" time="0.001382"/>
      <testcase name="testGetBuyAndSellLimitHousehold" class="Test\Console\WealthbotRebalancerTest" file="/home/vlad/work/wealthbot-core/system/Test/Case/Console/WealthbotRebalancerTest.php" line="1596" assertions="2" time="0.001365"/>
      <testcase name="testGetBuyAndSellLimitNotOutOfBalance" class="Test\Console\WealthbotRebalancerTest" file="/home/vlad/work/wealthbot-core/system/Test/Case/Console/WealthbotRebalancerTest.php" line="1667" assertions="1" time="0.000456"/>
      <testcase name="testRebalanceWithRequiredCashType" class="Test\Console\WealthbotRebalancerTest" file="/home/vlad/work/wealthbot-core/system/Test/Case/Console/WealthbotRebalancerTest.php" line="1726" assertions="1" time="0.001392"/>
      <testcase name="testRebalanceForAccountLevel" class="Test\Console\WealthbotRebalancerTest" file="/home/vlad/work/wealthbot-core/system/Test/Case/Console/WealthbotRebalancerTest.php" line="1747" assertions="1" time="0.001696"/>
      <testcase name="testRebalanceForHouseholdLevel" class="Test\Console\WealthbotRebalancerTest" file="/home/vlad/work/wealthbot-core/system/Test/Case/Console/WealthbotRebalancerTest.php" line="1768" assertions="1" time="0.001690"/>
      <testcase name="testRebalanceException" class="Test\Console\WealthbotRebalancerTest" file="/home/vlad/work/wealthbot-core/system/Test/Case/Console/WealthbotRebalancerTest.php" line="1789" assertions="2" time="0.000593"/>
      <testcase name="testIsBuyMuni" class="Test\Console\WealthbotRebalancerTest" file="/home/vlad/work/wealthbot-core/system/Test/Case/Console/WealthbotRebalancerTest.php" line="1801" assertions="5" time="0.000463"/>
      <testcase name="testCheckShortTermRedemption" class="Test\Console\WealthbotRebalancerTest" file="/home/vlad/work/wealthbot-core/system/Test/Case/Console/WealthbotRebalancerTest.php" line="1862" assertions="4" time="0.001645"/>
      <testcase name="testSellLotException" class="Test\Console\WealthbotRebalancerTest" file="/home/vlad/work/wealthbot-core/system/Test/Case/Console/WealthbotRebalancerTest.php" line="1920" assertions="1" time="0.000653"/>
      <testcase name="testSellLot" class="Test\Console\WealthbotRebalancerTest" file="/home/vlad/work/wealthbot-core/system/Test/Case/Console/WealthbotRebalancerTest.php" line="1940" assertions="11" time="0.001834"/>
      <testcase name="testCheckTlh" class="Test\Console\WealthbotRebalancerTest" file="/home/vlad/work/wealthbot-core/system/Test/Case/Console/WealthbotRebalancerTest.php" line="1998" assertions="2" time="0.003531"/>
      <testcase name="testOperateSubclassesWithoutTrades" class="Test\Console\WealthbotRebalancerTest" file="/home/vlad/work/wealthbot-core/system/Test/Case/Console/WealthbotRebalancerTest.php" line="2068" assertions="1" time="0.000701"/>
      <testcase name="testOperateSubclasses" class="Test\Console\WealthbotRebalancerTest" file="/home/vlad/work/wealthbot-core/system/Test/Case/Console/WealthbotRebalancerTest.php" line="2087" assertions="3" time="0.002210"/>
      <testcase name="testGenerateTradeFile" class="Test\Console\WealthbotRebalancerTest" file="/home/vlad/work/wealthbot-core/system/Test/Case/Console/WealthbotRebalancerTest.php" line="2120" assertions="7" time="0.004211"/>
      <testcase name="testSetRebalancerActionStatus" class="Test\Console\WealthbotRebalancerTest" file="/home/vlad/work/wealthbot-core/system/Test/Case/Console/WealthbotRebalancerTest.php" line="2237" assertions="2" time="0.002069"/>
      <testcase name="testSetRebalancerActionStatusAccountNotInitial" class="Test\Console\WealthbotRebalancerTest" file="/home/vlad/work/wealthbot-core/system/Test/Case/Console/WealthbotRebalancerTest.php" line="2273" assertions="2" time="0.001058"/>
      <testcase name="testSetRebalancerActionStatusInitial" class="Test\Console\WealthbotRebalancerTest" file="/home/vlad/work/wealthbot-core/system/Test/Case/Console/WealthbotRebalancerTest.php" line="2311" assertions="2" time="0.001053"/>
      <testcase name="testSetRebalancerActionStatusNoActions" class="Test\Console\WealthbotRebalancerTest" file="/home/vlad/work/wealthbot-core/system/Test/Case/Console/WealthbotRebalancerTest.php" line="2348" assertions="2" time="0.001053"/>
      <testcase name="testCheckTransactionNoFees" class="Test\Console\WealthbotRebalancerTest" file="/home/vlad/work/wealthbot-core/system/Test/Case/Console/WealthbotRebalancerTest.php" line="2385" assertions="1" time="0.000318">
        <failure type="PHPUnit_Framework_ExpectationFailedException">Test\Console\WealthbotRebalancerTest::testCheckTransactionNoFees
Failed asserting that false is true.

/home/vlad/work/wealthbot-core/system/Test/Case/Console/WealthbotRebalancerTest.php:2398
/home/vlad/.composer/vendor/phpunit/phpunit/src/TextUI/Command.php:152
/home/vlad/.composer/vendor/phpunit/phpunit/src/TextUI/Command.php:104
</failure>
      </testcase>
      <testcase name="testCheckTransactionMinAmount" class="Test\Console\WealthbotRebalancerTest" file="/home/vlad/work/wealthbot-core/system/Test/Case/Console/WealthbotRebalancerTest.php" line="2401" assertions="1" time="0.000313">
        <failure type="PHPUnit_Framework_ExpectationFailedException">Test\Console\WealthbotRebalancerTest::testCheckTransactionMinAmount
Failed asserting that false is true.

/home/vlad/work/wealthbot-core/system/Test/Case/Console/WealthbotRebalancerTest.php:2414
/home/vlad/.composer/vendor/phpunit/phpunit/src/TextUI/Command.php:152
/home/vlad/.composer/vendor/phpunit/phpunit/src/TextUI/Command.php:104
</failure>
      </testcase>
      <testcase name="testCheckTransactionMinAmountPercent" class="Test\Console\WealthbotRebalancerTest" file="/home/vlad/work/wealthbot-core/system/Test/Case/Console/WealthbotRebalancerTest.php" line="2417" assertions="1" time="0.000309"/>
      <testcase name="testCheckTransactionBuySellMins" class="Test\Console\WealthbotRebalancerTest" file="/home/vlad/work/wealthbot-core/system/Test/Case/Console/WealthbotRebalancerTest.php" line="2435" assertions="3" time="0.000765"/>
      <testcase name="testCheckTransactionZeroTotal" class="Test\Console\WealthbotRebalancerTest" file="/home/vlad/work/wealthbot-core/system/Test/Case/Console/WealthbotRebalancerTest.php" line="2505" assertions="1" time="0.000244"/>
      <testcase name="testWashSale" class="Test\Console\WealthbotRebalancerTest" file="/home/vlad/work/wealthbot-core/system/Test/Case/Console/WealthbotRebalancerTest.php" line="2519" assertions="1" time="0.000298"/>
      <testcase name="testCheckShortTermGain" class="Test\Console\WealthbotRebalancerTest" file="/home/vlad/work/wealthbot-core/system/Test/Case/Console/WealthbotRebalancerTest.php" line="2533" assertions="1" time="0.000320"/>
    </testsuite>
    <testsuite name="YahooFinanceTest" file="/home/vlad/work/wealthbot-core/system/Test/Case/Lib/YahooFinanceTest.php" tests="1" assertions="1" failures="0" errors="0" time="0.491099">
      <testcase name="testInit" class="YahooFinanceTest" file="/home/vlad/work/wealthbot-core/system/Test/Case/Lib/YahooFinanceTest.php" line="24" assertions="1" time="0.491099"/>
    </testsuite>
    <testsuite name="Test\Manager\BusinessCalendarTest" file="/home/vlad/work/wealthbot-core/system/Test/Case/Manager/BusinessCalendarTest.php" tests="1" assertions="0" failures="0" errors="1" time="0.000441">
      <testcase name="testAddBusinessDays" class="Test\Manager\BusinessCalendarTest" file="/home/vlad/work/wealthbot-core/system/Test/Case/Manager/BusinessCalendarTest.php" line="20" assertions="0" time="0.000441">
        <error type="PHPUnit_Framework_ExceptionWrapper">Test\Manager\BusinessCalendarTest::testAddBusinessDays
ErrorException: Warning: SQLite3::prepare(): Unable to prepare statement: 1, no such table: holidays in /home/vlad/work/wealthbot-core/system/Database/WealthbotSqliteConnection.php line 80

/home/vlad/work/wealthbot-core/system/Database/WealthbotSqliteConnection.php:80
/home/vlad/work/wealthbot-core/system/Database/WealthbotSqliteConnection.php:57
/home/vlad/work/wealthbot-core/system/Model/WealthbotRebalancer/Repository/HolidayRepository.php:23
/home/vlad/work/wealthbot-core/system/Manager/BusinessCalendar.php:32
/home/vlad/work/wealthbot-core/src/Wealthbot/AdminBundle/Model/AbstractBusinessCalendar.php:45
/home/vlad/work/wealthbot-core/system/Test/Case/Manager/BusinessCalendarTest.php:25
/home/vlad/.composer/vendor/phpunit/phpunit/src/TextUI/Command.php:152
/home/vlad/.composer/vendor/phpunit/phpunit/src/TextUI/Command.php:104
</error>
        <system-out>string(57) "SELECT * FROM holidays WHERE date &gt;= :from AND date &lt; :to"
</system-out>
      </testcase>
    </testsuite>
    <testsuite name="Test\Model\Pas\LotTest" file="/home/vlad/work/wealthbot-core/system/Test/Case/Model/Pas/LotTest.php" tests="2" assertions="0" failures="0" errors="2" time="0.002933">
      <testcase name="testCreateLot" class="Test\Model\Pas\LotTest" file="/home/vlad/work/wealthbot-core/system/Test/Case/Model/Pas/LotTest.php" line="20" assertions="0" time="0.002364">
        <error type="PHPUnit_Framework_ExceptionWrapper">Test\Model\Pas\LotTest::testCreateLot
PDOException: SQLSTATE[42000] [1049] Unknown database 'wealthbot_test'

/home/vlad/work/wealthbot-core/system/Database/WealthbotMySqlConnection.php:32
/home/vlad/work/wealthbot-core/system/Database/WealthbotMySqlConnection.php:45
/home/vlad/work/wealthbot-core/system/Model/Pas/Repository/BaseRepository.php:45
/home/vlad/work/wealthbot-core/system/Model/Pas/Repository/LotRepository.php:23
/home/vlad/work/wealthbot-core/system/Test/Case/Model/Pas/LotTest.php:17
/home/vlad/.composer/vendor/phpunit/phpunit/src/TextUI/Command.php:152
/home/vlad/.composer/vendor/phpunit/phpunit/src/TextUI/Command.php:104
</error>
      </testcase>
      <testcase name="testPartialLots" class="Test\Model\Pas\LotTest" file="/home/vlad/work/wealthbot-core/system/Test/Case/Model/Pas/LotTest.php" line="70" assertions="0" time="0.000569">
        <error type="PHPUnit_Framework_ExceptionWrapper">Test\Model\Pas\LotTest::testPartialLots
PDOException: SQLSTATE[42000] [1049] Unknown database 'wealthbot_test'

/home/vlad/work/wealthbot-core/system/Database/WealthbotMySqlConnection.php:32
/home/vlad/work/wealthbot-core/system/Database/WealthbotMySqlConnection.php:45
/home/vlad/work/wealthbot-core/system/Model/Pas/Repository/BaseRepository.php:45
/home/vlad/work/wealthbot-core/system/Model/Pas/Repository/LotRepository.php:23
/home/vlad/work/wealthbot-core/system/Test/Case/Model/Pas/LotTest.php:17
/home/vlad/.composer/vendor/phpunit/phpunit/src/TextUI/Command.php:152
/home/vlad/.composer/vendor/phpunit/phpunit/src/TextUI/Command.php:104
</error>
      </testcase>
    </testsuite>
    <testsuite name="Test\Model\Pas\TransactionTest" file="/home/vlad/work/wealthbot-core/system/Test/Case/Model/Pas/TransactionTest.php" tests="2" assertions="0" failures="0" errors="2" time="0.005867">
      <testcase name="testCreate" class="Test\Model\Pas\TransactionTest" file="/home/vlad/work/wealthbot-core/system/Test/Case/Model/Pas/TransactionTest.php" line="14" assertions="0" time="0.003945">
        <error type="PHPUnit_Framework_ExceptionWrapper">Test\Model\Pas\TransactionTest::testCreate
PDOException: SQLSTATE[42000] [1049] Unknown database 'wealthbot_test'

/home/vlad/work/wealthbot-core/system/Database/WealthbotMySqlConnection.php:32
/home/vlad/work/wealthbot-core/system/Database/WealthbotMySqlConnection.php:45
/home/vlad/work/wealthbot-core/system/Model/Pas/Repository/BaseRepository.php:45
/home/vlad/work/wealthbot-core/system/Model/Pas/Repository/TransactionRepository.php:22
/home/vlad/work/wealthbot-core/system/Test/Case/Model/Pas/TransactionTest.php:36
/home/vlad/work/wealthbot-core/system/Pas/Transaction.php:118
/home/vlad/work/wealthbot-core/system/Test/Case/Model/Pas/TransactionTest.php:53
/home/vlad/.composer/vendor/phpunit/phpunit/src/TextUI/Command.php:152
/home/vlad/.composer/vendor/phpunit/phpunit/src/TextUI/Command.php:104
</error>
        <system-out>Transaction</system-out>
      </testcase>
      <testcase name="testUpdateFeeCollected" class="Test\Model\Pas\TransactionTest" file="/home/vlad/work/wealthbot-core/system/Test/Case/Model/Pas/TransactionTest.php" line="58" assertions="0" time="0.001922">
        <error type="PHPUnit_Framework_ExceptionWrapper">Test\Model\Pas\TransactionTest::testUpdateFeeCollected
PDOException: SQLSTATE[42000] [1049] Unknown database 'wealthbot_test'

/home/vlad/work/wealthbot-core/system/Database/WealthbotMySqlConnection.php:32
/home/vlad/work/wealthbot-core/system/Database/WealthbotMySqlConnection.php:45
/home/vlad/work/wealthbot-core/system/Model/Pas/Repository/BaseRepository.php:45
/home/vlad/work/wealthbot-core/system/Model/Pas/Repository/BillItemRepository.php:20
/home/vlad/work/wealthbot-core/system/Test/Case/Model/Pas/TransactionTest.php:82
/home/vlad/work/wealthbot-core/system/Pas/Transaction.php:87
/home/vlad/work/wealthbot-core/system/Test/Case/Model/Pas/TransactionTest.php:85
/home/vlad/.composer/vendor/phpunit/phpunit/src/TextUI/Command.php:152
/home/vlad/.composer/vendor/phpunit/phpunit/src/TextUI/Command.php:104
</error>
      </testcase>
    </testsuite>
    <testsuite name="Test\Model\Pas\TwrCalculatorFunctionsTest" file="/home/vlad/work/wealthbot-core/system/Test/Case/Model/Pas/TwrCalculatorFunctionsTest.php" tests="3" assertions="3" failures="0" errors="0" time="0.000416">
      <testcase name="testCalculateTodayTwr" class="Test\Model\Pas\TwrCalculatorFunctionsTest" file="/home/vlad/work/wealthbot-core/system/Test/Case/Model/Pas/TwrCalculatorFunctionsTest.php" line="20" assertions="1" time="0.000227"/>
      <testcase name="testCalculateActualTwr" class="Test\Model\Pas\TwrCalculatorFunctionsTest" file="/home/vlad/work/wealthbot-core/system/Test/Case/Model/Pas/TwrCalculatorFunctionsTest.php" line="26" assertions="1" time="0.000100"/>
      <testcase name="testCalculateAnnualizedTwr" class="Test\Model\Pas\TwrCalculatorFunctionsTest" file="/home/vlad/work/wealthbot-core/system/Test/Case/Model/Pas/TwrCalculatorFunctionsTest.php" line="32" assertions="1" time="0.000089"/>
    </testsuite>
    <testsuite name="Test\Model\Pas\TwrCalculatorTest" file="/home/vlad/work/wealthbot-core/system/Test/Case/Model/Pas/TwrCalculatorTest.php" tests="8" assertions="0" failures="0" errors="8" time="0.002812">
      <testcase name="testGetAccountValue" class="Test\Model\Pas\TwrCalculatorTest" file="/home/vlad/work/wealthbot-core/system/Test/Case/Model/Pas/TwrCalculatorTest.php" line="138" assertions="0" time="0.000752">
        <error type="PHPUnit_Framework_ExceptionWrapper">Test\Model\Pas\TwrCalculatorTest::testGetAccountValue
PDOException: SQLSTATE[42000] [1049] Unknown database 'wealthbot_test'

/home/vlad/work/wealthbot-core/system/Database/WealthbotMySqlConnection.php:32
/home/vlad/work/wealthbot-core/system/Database/WealthbotMySqlConnection.php:45
/home/vlad/work/wealthbot-core/system/Model/Pas/Repository/BaseRepository.php:45
/home/vlad/work/wealthbot-core/system/Model/Pas/Repository/ClientAccountValueRepository.php:19
/home/vlad/work/wealthbot-core/system/Test/Case/Model/Pas/TwrCalculatorTest.php:53
/home/vlad/.composer/vendor/phpunit/phpunit/src/TextUI/Command.php:152
/home/vlad/.composer/vendor/phpunit/phpunit/src/TextUI/Command.php:104
</error>
      </testcase>
      <testcase name="testGetSumContribution" class="Test\Model\Pas\TwrCalculatorTest" file="/home/vlad/work/wealthbot-core/system/Test/Case/Model/Pas/TwrCalculatorTest.php" line="145" assertions="0" time="0.000298">
        <error type="PHPUnit_Framework_ExceptionWrapper">Test\Model\Pas\TwrCalculatorTest::testGetSumContribution
PDOException: SQLSTATE[42000] [1049] Unknown database 'wealthbot_test'

/home/vlad/work/wealthbot-core/system/Database/WealthbotMySqlConnection.php:32
/home/vlad/work/wealthbot-core/system/Database/WealthbotMySqlConnection.php:45
/home/vlad/work/wealthbot-core/system/Model/Pas/Repository/BaseRepository.php:45
/home/vlad/work/wealthbot-core/system/Model/Pas/Repository/ClientAccountValueRepository.php:19
/home/vlad/work/wealthbot-core/system/Test/Case/Model/Pas/TwrCalculatorTest.php:53
/home/vlad/.composer/vendor/phpunit/phpunit/src/TextUI/Command.php:152
/home/vlad/.composer/vendor/phpunit/phpunit/src/TextUI/Command.php:104
</error>
      </testcase>
      <testcase name="testGetSumWithdrawal" class="Test\Model\Pas\TwrCalculatorTest" file="/home/vlad/work/wealthbot-core/system/Test/Case/Model/Pas/TwrCalculatorTest.php" line="152" assertions="0" time="0.000276">
        <error type="PHPUnit_Framework_ExceptionWrapper">Test\Model\Pas\TwrCalculatorTest::testGetSumWithdrawal
PDOException: SQLSTATE[42000] [1049] Unknown database 'wealthbot_test'

/home/vlad/work/wealthbot-core/system/Database/WealthbotMySqlConnection.php:32
/home/vlad/work/wealthbot-core/system/Database/WealthbotMySqlConnection.php:45
/home/vlad/work/wealthbot-core/system/Model/Pas/Repository/BaseRepository.php:45
/home/vlad/work/wealthbot-core/system/Model/Pas/Repository/ClientAccountValueRepository.php:19
/home/vlad/work/wealthbot-core/system/Test/Case/Model/Pas/TwrCalculatorTest.php:53
/home/vlad/.composer/vendor/phpunit/phpunit/src/TextUI/Command.php:152
/home/vlad/.composer/vendor/phpunit/phpunit/src/TextUI/Command.php:104
</error>
      </testcase>
      <testcase name="testAccountTwrValues" class="Test\Model\Pas\TwrCalculatorTest" file="/home/vlad/work/wealthbot-core/system/Test/Case/Model/Pas/TwrCalculatorTest.php" line="163" assertions="0" time="0.000317">
        <error type="PHPUnit_Framework_ExceptionWrapper">Test\Model\Pas\TwrCalculatorTest::testAccountTwrValues
PDOException: SQLSTATE[42000] [1049] Unknown database 'wealthbot_test'

/home/vlad/work/wealthbot-core/system/Database/WealthbotMySqlConnection.php:32
/home/vlad/work/wealthbot-core/system/Database/WealthbotMySqlConnection.php:45
/home/vlad/work/wealthbot-core/system/Model/Pas/Repository/BaseRepository.php:45
/home/vlad/work/wealthbot-core/system/Model/Pas/Repository/ClientAccountValueRepository.php:19
/home/vlad/work/wealthbot-core/system/Test/Case/Model/Pas/TwrCalculatorTest.php:53
/home/vlad/.composer/vendor/phpunit/phpunit/src/TextUI/Command.php:152
/home/vlad/.composer/vendor/phpunit/phpunit/src/TextUI/Command.php:104
</error>
      </testcase>
      <testcase name="testAccountTwrPeriods" class="Test\Model\Pas\TwrCalculatorTest" file="/home/vlad/work/wealthbot-core/system/Test/Case/Model/Pas/TwrCalculatorTest.php" line="172" assertions="0" time="0.000249">
        <error type="PHPUnit_Framework_ExceptionWrapper">Test\Model\Pas\TwrCalculatorTest::testAccountTwrPeriods
PDOException: SQLSTATE[42000] [1049] Unknown database 'wealthbot_test'

/home/vlad/work/wealthbot-core/system/Database/WealthbotMySqlConnection.php:32
/home/vlad/work/wealthbot-core/system/Database/WealthbotMySqlConnection.php:45
/home/vlad/work/wealthbot-core/system/Model/Pas/Repository/BaseRepository.php:45
/home/vlad/work/wealthbot-core/system/Model/Pas/Repository/ClientAccountValueRepository.php:19
/home/vlad/work/wealthbot-core/system/Test/Case/Model/Pas/TwrCalculatorTest.php:53
/home/vlad/.composer/vendor/phpunit/phpunit/src/TextUI/Command.php:152
/home/vlad/.composer/vendor/phpunit/phpunit/src/TextUI/Command.php:104
</error>
      </testcase>
      <testcase name="testPortfolioTwrValues" class="Test\Model\Pas\TwrCalculatorTest" file="/home/vlad/work/wealthbot-core/system/Test/Case/Model/Pas/TwrCalculatorTest.php" line="192" assertions="0" time="0.000240">
        <error type="PHPUnit_Framework_ExceptionWrapper">Test\Model\Pas\TwrCalculatorTest::testPortfolioTwrValues
PDOException: SQLSTATE[42000] [1049] Unknown database 'wealthbot_test'

/home/vlad/work/wealthbot-core/system/Database/WealthbotMySqlConnection.php:32
/home/vlad/work/wealthbot-core/system/Database/WealthbotMySqlConnection.php:45
/home/vlad/work/wealthbot-core/system/Model/Pas/Repository/BaseRepository.php:45
/home/vlad/work/wealthbot-core/system/Model/Pas/Repository/ClientAccountValueRepository.php:19
/home/vlad/work/wealthbot-core/system/Test/Case/Model/Pas/TwrCalculatorTest.php:53
/home/vlad/.composer/vendor/phpunit/phpunit/src/TextUI/Command.php:152
/home/vlad/.composer/vendor/phpunit/phpunit/src/TextUI/Command.php:104
</error>
      </testcase>
      <testcase name="testPortfolioTwrPeriods" class="Test\Model\Pas\TwrCalculatorTest" file="/home/vlad/work/wealthbot-core/system/Test/Case/Model/Pas/TwrCalculatorTest.php" line="201" assertions="0" time="0.000267">
        <error type="PHPUnit_Framework_ExceptionWrapper">Test\Model\Pas\TwrCalculatorTest::testPortfolioTwrPeriods
PDOException: SQLSTATE[42000] [1049] Unknown database 'wealthbot_test'

/home/vlad/work/wealthbot-core/system/Database/WealthbotMySqlConnection.php:32
/home/vlad/work/wealthbot-core/system/Database/WealthbotMySqlConnection.php:45
/home/vlad/work/wealthbot-core/system/Model/Pas/Repository/BaseRepository.php:45
/home/vlad/work/wealthbot-core/system/Model/Pas/Repository/ClientAccountValueRepository.php:19
/home/vlad/work/wealthbot-core/system/Test/Case/Model/Pas/TwrCalculatorTest.php:53
/home/vlad/.composer/vendor/phpunit/phpunit/src/TextUI/Command.php:152
/home/vlad/.composer/vendor/phpunit/phpunit/src/TextUI/Command.php:104
</error>
      </testcase>
      <testcase name="testAccountClosed" class="Test\Model\Pas\TwrCalculatorTest" file="/home/vlad/work/wealthbot-core/system/Test/Case/Model/Pas/TwrCalculatorTest.php" line="221" assertions="0" time="0.000413">
        <error type="PHPUnit_Framework_ExceptionWrapper">Test\Model\Pas\TwrCalculatorTest::testAccountClosed
PDOException: SQLSTATE[42000] [1049] Unknown database 'wealthbot_test'

/home/vlad/work/wealthbot-core/system/Database/WealthbotMySqlConnection.php:32
/home/vlad/work/wealthbot-core/system/Database/WealthbotMySqlConnection.php:45
/home/vlad/work/wealthbot-core/system/Model/Pas/Repository/BaseRepository.php:45
/home/vlad/work/wealthbot-core/system/Model/Pas/Repository/ClientAccountValueRepository.php:19
/home/vlad/work/wealthbot-core/system/Test/Case/Model/Pas/TwrCalculatorTest.php:53
/home/vlad/.composer/vendor/phpunit/phpunit/src/TextUI/Command.php:152
/home/vlad/.composer/vendor/phpunit/phpunit/src/TextUI/Command.php:104
</error>
      </testcase>
    </testsuite>
    <testsuite name="Test\Model\WealthbotRebalancer\AccountCollectionTest" file="/home/vlad/work/wealthbot-core/system/Test/Case/Model/WealthbotRebalancer/AccountCollectionTest.php" tests="3" assertions="9" failures="0" errors="0" time="0.002438">
      <testcase name="testGetAccountForBuySubclass" class="Test\Model\WealthbotRebalancer\AccountCollectionTest" file="/home/vlad/work/wealthbot-core/system/Test/Case/Model/WealthbotRebalancer/AccountCollectionTest.php" line="82" assertions="4" time="0.000910"/>
      <testcase name="testGetAccountForSellSubclass" class="Test\Model\WealthbotRebalancer\AccountCollectionTest" file="/home/vlad/work/wealthbot-core/system/Test/Case/Model/WealthbotRebalancer/AccountCollectionTest.php" line="109" assertions="4" time="0.000855"/>
      <testcase name="testGetAccountForBuySubclassTraditionalIRA" class="Test\Model\WealthbotRebalancer\AccountCollectionTest" file="/home/vlad/work/wealthbot-core/system/Test/Case/Model/WealthbotRebalancer/AccountCollectionTest.php" line="136" assertions="1" time="0.000673"/>
    </testsuite>
    <testsuite name="Test\Model\WealthbotRebalancer\AccountTest" file="/home/vlad/work/wealthbot-core/system/Test/Case/Model/WealthbotRebalancer/AccountTest.php" tests="43" assertions="81" failures="0" errors="0" time="0.005563">
      <testcase name="testLoadFromArray" class="Test\Model\WealthbotRebalancer\AccountTest" file="/home/vlad/work/wealthbot-core/system/Test/Case/Model/WealthbotRebalancer/AccountTest.php" line="51" assertions="17" time="0.000375"/>
      <testcase name="testGetType" class="Test\Model\WealthbotRebalancer\AccountTest" file="/home/vlad/work/wealthbot-core/system/Test/Case/Model/WealthbotRebalancer/AccountTest.php" line="75" assertions="2" time="0.000199"/>
      <testcase name="testSetType" class="Test\Model\WealthbotRebalancer\AccountTest" file="/home/vlad/work/wealthbot-core/system/Test/Case/Model/WealthbotRebalancer/AccountTest.php" line="81" assertions="3" time="0.000203"/>
      <testcase name="testIsRothIra" class="Test\Model\WealthbotRebalancer\AccountTest" file="/home/vlad/work/wealthbot-core/system/Test/Case/Model/WealthbotRebalancer/AccountTest.php" line="89" assertions="2" time="0.000190"/>
      <testcase name="testIsTraditionalIra" class="Test\Model\WealthbotRebalancer\AccountTest" file="/home/vlad/work/wealthbot-core/system/Test/Case/Model/WealthbotRebalancer/AccountTest.php" line="97" assertions="2" time="0.000192"/>
      <testcase name="testIsTaxable" class="Test\Model\WealthbotRebalancer\AccountTest" file="/home/vlad/work/wealthbot-core/system/Test/Case/Model/WealthbotRebalancer/AccountTest.php" line="105" assertions="3" time="0.000120"/>
      <testcase name="testGetPriority" class="Test\Model\WealthbotRebalancer\AccountTest" file="/home/vlad/work/wealthbot-core/system/Test/Case/Model/WealthbotRebalancer/AccountTest.php" line="116" assertions="4" time="0.000130"/>
      <testcase name="testGetPriorityException" class="Test\Model\WealthbotRebalancer\AccountTest" file="/home/vlad/work/wealthbot-core/system/Test/Case/Model/WealthbotRebalancer/AccountTest.php" line="130" assertions="2" time="0.000155"/>
      <testcase name="testGetStatus" class="Test\Model\WealthbotRebalancer\AccountTest" file="/home/vlad/work/wealthbot-core/system/Test/Case/Model/WealthbotRebalancer/AccountTest.php" line="138" assertions="1" time="0.000109"/>
      <testcase name="testSetStatus" class="Test\Model\WealthbotRebalancer\AccountTest" file="/home/vlad/work/wealthbot-core/system/Test/Case/Model/WealthbotRebalancer/AccountTest.php" line="143" assertions="1" time="0.000108"/>
      <testcase name="testGetIsFirstTime" class="Test\Model\WealthbotRebalancer\AccountTest" file="/home/vlad/work/wealthbot-core/system/Test/Case/Model/WealthbotRebalancer/AccountTest.php" line="149" assertions="1" time="0.000107"/>
      <testcase name="testSetIsFirstTime" class="Test\Model\WealthbotRebalancer\AccountTest" file="/home/vlad/work/wealthbot-core/system/Test/Case/Model/WealthbotRebalancer/AccountTest.php" line="154" assertions="1" time="0.000109"/>
      <testcase name="testGetIsActiveEmployer" class="Test\Model\WealthbotRebalancer\AccountTest" file="/home/vlad/work/wealthbot-core/system/Test/Case/Model/WealthbotRebalancer/AccountTest.php" line="160" assertions="1" time="0.000107"/>
      <testcase name="testSetIsActiveEmployer" class="Test\Model\WealthbotRebalancer\AccountTest" file="/home/vlad/work/wealthbot-core/system/Test/Case/Model/WealthbotRebalancer/AccountTest.php" line="165" assertions="1" time="0.000106"/>
      <testcase name="testGetIsReadyToRebalance" class="Test\Model\WealthbotRebalancer\AccountTest" file="/home/vlad/work/wealthbot-core/system/Test/Case/Model/WealthbotRebalancer/AccountTest.php" line="171" assertions="1" time="0.000106"/>
      <testcase name="testSetIsReadyToRebalance" class="Test\Model\WealthbotRebalancer\AccountTest" file="/home/vlad/work/wealthbot-core/system/Test/Case/Model/WealthbotRebalancer/AccountTest.php" line="176" assertions="1" time="0.000105"/>
      <testcase name="testGetSheduledDistribution" class="Test\Model\WealthbotRebalancer\AccountTest" file="/home/vlad/work/wealthbot-core/system/Test/Case/Model/WealthbotRebalancer/AccountTest.php" line="182" assertions="1" time="0.000106"/>
      <testcase name="testSetSheduledDistribution" class="Test\Model\WealthbotRebalancer\AccountTest" file="/home/vlad/work/wealthbot-core/system/Test/Case/Model/WealthbotRebalancer/AccountTest.php" line="187" assertions="1" time="0.000113"/>
      <testcase name="testGetOneTimeDistribution" class="Test\Model\WealthbotRebalancer\AccountTest" file="/home/vlad/work/wealthbot-core/system/Test/Case/Model/WealthbotRebalancer/AccountTest.php" line="193" assertions="1" time="0.000111"/>
      <testcase name="testSetOneTimeDistribution" class="Test\Model\WealthbotRebalancer\AccountTest" file="/home/vlad/work/wealthbot-core/system/Test/Case/Model/WealthbotRebalancer/AccountTest.php" line="198" assertions="1" time="0.000109"/>
      <testcase name="testGetCashBuffer" class="Test\Model\WealthbotRebalancer\AccountTest" file="/home/vlad/work/wealthbot-core/system/Test/Case/Model/WealthbotRebalancer/AccountTest.php" line="204" assertions="1" time="0.000107"/>
      <testcase name="testSetCashBuffer" class="Test\Model\WealthbotRebalancer\AccountTest" file="/home/vlad/work/wealthbot-core/system/Test/Case/Model/WealthbotRebalancer/AccountTest.php" line="209" assertions="1" time="0.000107"/>
      <testcase name="testGetSasCash" class="Test\Model\WealthbotRebalancer\AccountTest" file="/home/vlad/work/wealthbot-core/system/Test/Case/Model/WealthbotRebalancer/AccountTest.php" line="215" assertions="1" time="0.000111"/>
      <testcase name="testSetSasCash" class="Test\Model\WealthbotRebalancer\AccountTest" file="/home/vlad/work/wealthbot-core/system/Test/Case/Model/WealthbotRebalancer/AccountTest.php" line="220" assertions="1" time="0.000109"/>
      <testcase name="testGetBillingCash" class="Test\Model\WealthbotRebalancer\AccountTest" file="/home/vlad/work/wealthbot-core/system/Test/Case/Model/WealthbotRebalancer/AccountTest.php" line="226" assertions="1" time="0.000105"/>
      <testcase name="testSetBillingCash" class="Test\Model\WealthbotRebalancer\AccountTest" file="/home/vlad/work/wealthbot-core/system/Test/Case/Model/WealthbotRebalancer/AccountTest.php" line="231" assertions="1" time="0.000117"/>
      <testcase name="testGetTotalCash" class="Test\Model\WealthbotRebalancer\AccountTest" file="/home/vlad/work/wealthbot-core/system/Test/Case/Model/WealthbotRebalancer/AccountTest.php" line="237" assertions="1" time="0.000116"/>
      <testcase name="testSetTotalCash" class="Test\Model\WealthbotRebalancer\AccountTest" file="/home/vlad/work/wealthbot-core/system/Test/Case/Model/WealthbotRebalancer/AccountTest.php" line="242" assertions="1" time="0.000109"/>
      <testcase name="testGetClient" class="Test\Model\WealthbotRebalancer\AccountTest" file="/home/vlad/work/wealthbot-core/system/Test/Case/Model/WealthbotRebalancer/AccountTest.php" line="248" assertions="1" time="0.000106"/>
      <testcase name="testSetClient" class="Test\Model\WealthbotRebalancer\AccountTest" file="/home/vlad/work/wealthbot-core/system/Test/Case/Model/WealthbotRebalancer/AccountTest.php" line="253" assertions="1" time="0.000113"/>
      <testcase name="testGetCashForBuy" class="Test\Model\WealthbotRebalancer\AccountTest" file="/home/vlad/work/wealthbot-core/system/Test/Case/Model/WealthbotRebalancer/AccountTest.php" line="262" assertions="1" time="0.000114"/>
      <testcase name="testSetCashForBuy" class="Test\Model\WealthbotRebalancer\AccountTest" file="/home/vlad/work/wealthbot-core/system/Test/Case/Model/WealthbotRebalancer/AccountTest.php" line="267" assertions="1" time="0.000108"/>
      <testcase name="testUpdateCashForBuy" class="Test\Model\WealthbotRebalancer\AccountTest" file="/home/vlad/work/wealthbot-core/system/Test/Case/Model/WealthbotRebalancer/AccountTest.php" line="273" assertions="1" time="0.000111"/>
      <testcase name="testGetSecurities" class="Test\Model\WealthbotRebalancer\AccountTest" file="/home/vlad/work/wealthbot-core/system/Test/Case/Model/WealthbotRebalancer/AccountTest.php" line="279" assertions="3" time="0.000125"/>
      <testcase name="testSetSecurities" class="Test\Model\WealthbotRebalancer\AccountTest" file="/home/vlad/work/wealthbot-core/system/Test/Case/Model/WealthbotRebalancer/AccountTest.php" line="288" assertions="2" time="0.000131"/>
      <testcase name="testCalculateDistribution" class="Test\Model\WealthbotRebalancer\AccountTest" file="/home/vlad/work/wealthbot-core/system/Test/Case/Model/WealthbotRebalancer/AccountTest.php" line="302" assertions="1" time="0.000112"/>
      <testcase name="testCalculateCashNeeds" class="Test\Model\WealthbotRebalancer\AccountTest" file="/home/vlad/work/wealthbot-core/system/Test/Case/Model/WealthbotRebalancer/AccountTest.php" line="307" assertions="1" time="0.000110"/>
      <testcase name="testGetTotalCashNeeds" class="Test\Model\WealthbotRebalancer\AccountTest" file="/home/vlad/work/wealthbot-core/system/Test/Case/Model/WealthbotRebalancer/AccountTest.php" line="312" assertions="2" time="0.000117"/>
      <testcase name="testCalculateInvestmentCash" class="Test\Model\WealthbotRebalancer\AccountTest" file="/home/vlad/work/wealthbot-core/system/Test/Case/Model/WealthbotRebalancer/AccountTest.php" line="320" assertions="1" time="0.000113"/>
      <testcase name="testSellAllSecurities" class="Test\Model\WealthbotRebalancer\AccountTest" file="/home/vlad/work/wealthbot-core/system/Test/Case/Model/WealthbotRebalancer/AccountTest.php" line="325" assertions="1" time="0.000128"/>
[...]
      <testcase name="testGetToleranceBand" class="Test\Model\WealthbotRebalancer\SubclassTest" file="/home/vlad/work/wealthbot-core/system/Test/Case/Model/WealthbotRebalancer/SubclassTest.php" line="82" assertions="1" time="0.000109"/>
      <testcase name="testSetToleranceBand" class="Test\Model\WealthbotRebalancer\SubclassTest" file="/home/vlad/work/wealthbot-core/system/Test/Case/Model/WealthbotRebalancer/SubclassTest.php" line="87" assertions="1" time="0.000099"/>
      <testcase name="testGetPriority" class="Test\Model\WealthbotRebalancer\SubclassTest" file="/home/vlad/work/wealthbot-core/system/Test/Case/Model/WealthbotRebalancer/SubclassTest.php" line="93" assertions="1" time="0.000098"/>
      <testcase name="testSetPriority" class="Test\Model\WealthbotRebalancer\SubclassTest" file="/home/vlad/work/wealthbot-core/system/Test/Case/Model/WealthbotRebalancer/SubclassTest.php" line="98" assertions="1" time="0.000099"/>
      <testcase name="testGetSecurity" class="Test\Model\WealthbotRebalancer\SubclassTest" file="/home/vlad/work/wealthbot-core/system/Test/Case/Model/WealthbotRebalancer/SubclassTest.php" line="104" assertions="1" time="0.000098"/>
      <testcase name="testSetSecurity" class="Test\Model\WealthbotRebalancer\SubclassTest" file="/home/vlad/work/wealthbot-core/system/Test/Case/Model/WealthbotRebalancer/SubclassTest.php" line="109" assertions="1" time="0.000101"/>
      <testcase name="testGetMuniSecurity" class="Test\Model\WealthbotRebalancer\SubclassTest" file="/home/vlad/work/wealthbot-core/system/Test/Case/Model/WealthbotRebalancer/SubclassTest.php" line="119" assertions="1" time="0.000098"/>
      <testcase name="testSetMuniSecurity" class="Test\Model\WealthbotRebalancer\SubclassTest" file="/home/vlad/work/wealthbot-core/system/Test/Case/Model/WealthbotRebalancer/SubclassTest.php" line="124" assertions="1" time="0.000100"/>
      <testcase name="testCalcOOB" class="Test\Model\WealthbotRebalancer\SubclassTest" file="/home/vlad/work/wealthbot-core/system/Test/Case/Model/WealthbotRebalancer/SubclassTest.php" line="134" assertions="2" time="0.000101"/>
      <testcase name="testGetTaxLossHarvesting" class="Test\Model\WealthbotRebalancer\SubclassTest" file="/home/vlad/work/wealthbot-core/system/Test/Case/Model/WealthbotRebalancer/SubclassTest.php" line="144" assertions="1" time="0.000347"/>
      <testcase name="testSetTaxLossHarvesting" class="Test\Model\WealthbotRebalancer\SubclassTest" file="/home/vlad/work/wealthbot-core/system/Test/Case/Model/WealthbotRebalancer/SubclassTest.php" line="152" assertions="1" time="0.000107"/>
      <testcase name="testHasTlhFund" class="Test\Model\WealthbotRebalancer\SubclassTest" file="/home/vlad/work/wealthbot-core/system/Test/Case/Model/WealthbotRebalancer/SubclassTest.php" line="161" assertions="2" time="0.000108"/>
      <testcase name="testGetAccountType" class="Test\Model\WealthbotRebalancer\SubclassTest" file="/home/vlad/work/wealthbot-core/system/Test/Case/Model/WealthbotRebalancer/SubclassTest.php" line="169" assertions="1" time="0.000101"/>
      <testcase name="testSetAccountType" class="Test\Model\WealthbotRebalancer\SubclassTest" file="/home/vlad/work/wealthbot-core/system/Test/Case/Model/WealthbotRebalancer/SubclassTest.php" line="174" assertions="1" time="0.000100"/>
      <testcase name="testHasMuniFund" class="Test\Model\WealthbotRebalancer\SubclassTest" file="/home/vlad/work/wealthbot-core/system/Test/Case/Model/WealthbotRebalancer/SubclassTest.php" line="180" assertions="2" time="0.000105"/>
      <testcase name="testGetTotalAmount" class="Test\Model\WealthbotRebalancer\SubclassTest" file="/home/vlad/work/wealthbot-core/system/Test/Case/Model/WealthbotRebalancer/SubclassTest.php" line="188" assertions="4" time="0.000150"/>
    </testsuite>
    <testsuite name="Test\Model\WealthbotRebalancer\TradeDataTest" file="/home/vlad/work/wealthbot-core/system/Test/Case/Model/WealthbotRebalancer/TradeDataTest.php" tests="46" assertions="84" failures="0" errors="0" time="0.005285">
      <testcase name="testLoadFromArray" class="Test\Model\WealthbotRebalancer\TradeDataTest" file="/home/vlad/work/wealthbot-core/system/Test/Case/Model/WealthbotRebalancer/TradeDataTest.php" line="51" assertions="24" time="0.000234"/>
      <testcase name="testToArrayForTradeFile" class="Test\Model\WealthbotRebalancer\TradeDataTest" file="/home/vlad/work/wealthbot-core/system/Test/Case/Model/WealthbotRebalancer/TradeDataTest.php" line="82" assertions="2" time="0.000142"/>
      <testcase name="testGetJobId" class="Test\Model\WealthbotRebalancer\TradeDataTest" file="/home/vlad/work/wealthbot-core/system/Test/Case/Model/WealthbotRebalancer/TradeDataTest.php" line="134" assertions="1" time="0.000109"/>
      <testcase name="testSetJobId" class="Test\Model\WealthbotRebalancer\TradeDataTest" file="/home/vlad/work/wealthbot-core/system/Test/Case/Model/WealthbotRebalancer/TradeDataTest.php" line="139" assertions="1" time="0.000110"/>
      <testcase name="testGetAccountId" class="Test\Model\WealthbotRebalancer\TradeDataTest" file="/home/vlad/work/wealthbot-core/system/Test/Case/Model/WealthbotRebalancer/TradeDataTest.php" line="146" assertions="1" time="0.000108"/>
      <testcase name="testSetAccountId" class="Test\Model\WealthbotRebalancer\TradeDataTest" file="/home/vlad/work/wealthbot-core/system/Test/Case/Model/WealthbotRebalancer/TradeDataTest.php" line="151" assertions="1" time="0.000107"/>
      <testcase name="testGetSecurityId" class="Test\Model\WealthbotRebalancer\TradeDataTest" file="/home/vlad/work/wealthbot-core/system/Test/Case/Model/WealthbotRebalancer/TradeDataTest.php" line="158" assertions="1" time="0.000107"/>
      <testcase name="testSetSecurityId" class="Test\Model\WealthbotRebalancer\TradeDataTest" file="/home/vlad/work/wealthbot-core/system/Test/Case/Model/WealthbotRebalancer/TradeDataTest.php" line="163" assertions="1" time="0.000106"/>
      <testcase name="testGetAccountNumber" class="Test\Model\WealthbotRebalancer\TradeDataTest" file="/home/vlad/work/wealthbot-core/system/Test/Case/Model/WealthbotRebalancer/TradeDataTest.php" line="170" assertions="1" time="0.000105"/>
      <testcase name="testSetAccountNumber" class="Test\Model\WealthbotRebalancer\TradeDataTest" file="/home/vlad/work/wealthbot-core/system/Test/Case/Model/WealthbotRebalancer/TradeDataTest.php" line="175" assertions="1" time="0.000105"/>
      <testcase name="testGetAccountType" class="Test\Model\WealthbotRebalancer\TradeDataTest" file="/home/vlad/work/wealthbot-core/system/Test/Case/Model/WealthbotRebalancer/TradeDataTest.php" line="182" assertions="1" time="0.000108"/>
      <testcase name="testSetAccountType" class="Test\Model\WealthbotRebalancer\TradeDataTest" file="/home/vlad/work/wealthbot-core/system/Test/Case/Model/WealthbotRebalancer/TradeDataTest.php" line="187" assertions="1" time="0.000106"/>
      <testcase name="testGetSecurityType" class="Test\Model\WealthbotRebalancer\TradeDataTest" file="/home/vlad/work/wealthbot-core/system/Test/Case/Model/WealthbotRebalancer/TradeDataTest.php" line="194" assertions="1" time="0.000105"/>
      <testcase name="testSetSecurityType" class="Test\Model\WealthbotRebalancer\TradeDataTest" file="/home/vlad/work/wealthbot-core/system/Test/Case/Model/WealthbotRebalancer/TradeDataTest.php" line="199" assertions="5" time="0.000168"/>
      <testcase name="testGetAction" class="Test\Model\WealthbotRebalancer\TradeDataTest" file="/home/vlad/work/wealthbot-core/system/Test/Case/Model/WealthbotRebalancer/TradeDataTest.php" line="214" assertions="1" time="0.000109"/>
      <testcase name="testSetAction" class="Test\Model\WealthbotRebalancer\TradeDataTest" file="/home/vlad/work/wealthbot-core/system/Test/Case/Model/WealthbotRebalancer/TradeDataTest.php" line="219" assertions="5" time="0.000149"/>
      <testcase name="testGetQuantityType" class="Test\Model\WealthbotRebalancer\TradeDataTest" file="/home/vlad/work/wealthbot-core/system/Test/Case/Model/WealthbotRebalancer/TradeDataTest.php" line="234" assertions="1" time="0.000109"/>
      <testcase name="testSetQuantityType" class="Test\Model\WealthbotRebalancer\TradeDataTest" file="/home/vlad/work/wealthbot-core/system/Test/Case/Model/WealthbotRebalancer/TradeDataTest.php" line="239" assertions="5" time="0.000146"/>
      <testcase name="testGetQuantity" class="Test\Model\WealthbotRebalancer\TradeDataTest" file="/home/vlad/work/wealthbot-core/system/Test/Case/Model/WealthbotRebalancer/TradeDataTest.php" line="254" assertions="1" time="0.000107"/>
      <testcase name="testSetQuantity" class="Test\Model\WealthbotRebalancer\TradeDataTest" file="/home/vlad/work/wealthbot-core/system/Test/Case/Model/WealthbotRebalancer/TradeDataTest.php" line="259" assertions="1" time="0.000108"/>
      <testcase name="testGetSymbol" class="Test\Model\WealthbotRebalancer\TradeDataTest" file="/home/vlad/work/wealthbot-core/system/Test/Case/Model/WealthbotRebalancer/TradeDataTest.php" line="266" assertions="1" time="0.000110"/>
      <testcase name="testSetSymbol" class="Test\Model\WealthbotRebalancer\TradeDataTest" file="/home/vlad/work/wealthbot-core/system/Test/Case/Model/WealthbotRebalancer/TradeDataTest.php" line="271" assertions="1" time="0.000109"/>
      <testcase name="testGetExchangeSwapSymbol" class="Test\Model\WealthbotRebalancer\TradeDataTest" file="/home/vlad/work/wealthbot-core/system/Test/Case/Model/WealthbotRebalancer/TradeDataTest.php" line="278" assertions="1" time="0.000108"/>
      <testcase name="testSetExchangeSwapSymbol" class="Test\Model\WealthbotRebalancer\TradeDataTest" file="/home/vlad/work/wealthbot-core/system/Test/Case/Model/WealthbotRebalancer/TradeDataTest.php" line="283" assertions="1" time="0.000117"/>
      <testcase name="testGetOrderType" class="Test\Model\WealthbotRebalancer\TradeDataTest" file="/home/vlad/work/wealthbot-core/system/Test/Case/Model/WealthbotRebalancer/TradeDataTest.php" line="290" assertions="1" time="0.000109"/>
      <testcase name="testSetOrderType" class="Test\Model\WealthbotRebalancer\TradeDataTest" file="/home/vlad/work/wealthbot-core/system/Test/Case/Model/WealthbotRebalancer/TradeDataTest.php" line="295" assertions="1" time="0.000111"/>
      <testcase name="testGetLimitPrice" class="Test\Model\WealthbotRebalancer\TradeDataTest" file="/home/vlad/work/wealthbot-core/system/Test/Case/Model/WealthbotRebalancer/TradeDataTest.php" line="302" assertions="1" time="0.000108"/>
      <testcase name="testSetLimitPrice" class="Test\Model\WealthbotRebalancer\TradeDataTest" file="/home/vlad/work/wealthbot-core/system/Test/Case/Model/WealthbotRebalancer/TradeDataTest.php" line="307" assertions="1" time="0.000108"/>
      <testcase name="testGetStopPrice" class="Test\Model\WealthbotRebalancer\TradeDataTest" file="/home/vlad/work/wealthbot-core/system/Test/Case/Model/WealthbotRebalancer/TradeDataTest.php" line="314" assertions="1" time="0.000108"/>
      <testcase name="testSetStopPrice" class="Test\Model\WealthbotRebalancer\TradeDataTest" file="/home/vlad/work/wealthbot-core/system/Test/Case/Model/WealthbotRebalancer/TradeDataTest.php" line="319" assertions="1" time="0.000106"/>
      <testcase name="testGetTimeInForce" class="Test\Model\WealthbotRebalancer\TradeDataTest" file="/home/vlad/work/wealthbot-core/system/Test/Case/Model/WealthbotRebalancer/TradeDataTest.php" line="326" assertions="1" time="0.000112"/>
      <testcase name="testSetTimeInForce" class="Test\Model\WealthbotRebalancer\TradeDataTest" file="/home/vlad/work/wealthbot-core/system/Test/Case/Model/WealthbotRebalancer/TradeDataTest.php" line="331" assertions="1" time="0.000109"/>
      <testcase name="testGetIsDoNotReduce" class="Test\Model\WealthbotRebalancer\TradeDataTest" file="/home/vlad/work/wealthbot-core/system/Test/Case/Model/WealthbotRebalancer/TradeDataTest.php" line="338" assertions="1" time="0.000107"/>
      <testcase name="testSetIsDoNotReduce" class="Test\Model\WealthbotRebalancer\TradeDataTest" file="/home/vlad/work/wealthbot-core/system/Test/Case/Model/WealthbotRebalancer/TradeDataTest.php" line="343" assertions="1" time="0.000108"/>
      <testcase name="testGetIsAllOrNone" class="Test\Model\WealthbotRebalancer\TradeDataTest" file="/home/vlad/work/wealthbot-core/system/Test/Case/Model/WealthbotRebalancer/TradeDataTest.php" line="350" assertions="1" time="0.000108"/>
      <testcase name="testSetIsAllOrNone" class="Test\Model\WealthbotRebalancer\TradeDataTest" file="/home/vlad/work/wealthbot-core/system/Test/Case/Model/WealthbotRebalancer/TradeDataTest.php" line="355" assertions="1" time="0.000111"/>
      <testcase name="testGetIsReinvestDividends" class="Test\Model\WealthbotRebalancer\TradeDataTest" file="/home/vlad/work/wealthbot-core/system/Test/Case/Model/WealthbotRebalancer/TradeDataTest.php" line="362" assertions="1" time="0.000106"/>
      <testcase name="testSetIsReinvestDividends" class="Test\Model\WealthbotRebalancer\TradeDataTest" file="/home/vlad/work/wealthbot-core/system/Test/Case/Model/WealthbotRebalancer/TradeDataTest.php" line="367" assertions="1" time="0.000108"/>
      <testcase name="testGetIsIncludeTransactionFee" class="Test\Model\WealthbotRebalancer\TradeDataTest" file="/home/vlad/work/wealthbot-core/system/Test/Case/Model/WealthbotRebalancer/TradeDataTest.php" line="374" assertions="1" time="0.000104"/>
      <testcase name="testSetIsIncludeTransactionFee" class="Test\Model\WealthbotRebalancer\TradeDataTest" file="/home/vlad/work/wealthbot-core/system/Test/Case/Model/WealthbotRebalancer/TradeDataTest.php" line="379" assertions="1" time="0.000107"/>
      <testcase name="testGetIsReinvestCapGains" class="Test\Model\WealthbotRebalancer\TradeDataTest" file="/home/vlad/work/wealthbot-core/system/Test/Case/Model/WealthbotRebalancer/TradeDataTest.php" line="386" assertions="1" time="0.000107"/>
      <testcase name="testSetIsReinvestCapGains" class="Test\Model\WealthbotRebalancer\TradeDataTest" file="/home/vlad/work/wealthbot-core/system/Test/Case/Model/WealthbotRebalancer/TradeDataTest.php" line="391" assertions="1" time="0.000110"/>
      <testcase name="testGetTaxLotIdMethod" class="Test\Model\WealthbotRebalancer\TradeDataTest" file="/home/vlad/work/wealthbot-core/system/Test/Case/Model/WealthbotRebalancer/TradeDataTest.php" line="398" assertions="1" time="0.000107"/>
      <testcase name="testSetTaxLotIdMethod" class="Test\Model\WealthbotRebalancer\TradeDataTest" file="/home/vlad/work/wealthbot-core/system/Test/Case/Model/WealthbotRebalancer/TradeDataTest.php" line="403" assertions="1" time="0.000109"/>
      <testcase name="testGetVsps" class="Test\Model\WealthbotRebalancer\TradeDataTest" file="/home/vlad/work/wealthbot-core/system/Test/Case/Model/WealthbotRebalancer/TradeDataTest.php" line="410" assertions="2" time="0.000111"/>
      <testcase name="testSetVsps" class="Test\Model\WealthbotRebalancer\TradeDataTest" file="/home/vlad/work/wealthbot-core/system/Test/Case/Model/WealthbotRebalancer/TradeDataTest.php" line="418" assertions="2" time="0.000119"/>
    </testsuite>
    <testsuite name="Test\Model\WealthbotRebalancer\TransactionTest" file="/home/vlad/work/wealthbot-core/system/Test/Case/Model/WealthbotRebalancer/TransactionTest.php" tests="15" assertions="25" failures="0" errors="0" time="0.002265">
      <testcase name="testLoadFromArray" class="Test\Model\WealthbotRebalancer\TransactionTest" file="/home/vlad/work/wealthbot-core/system/Test/Case/Model/WealthbotRebalancer/TransactionTest.php" line="48" assertions="8" time="0.000665"/>
      <testcase name="testGetTransactionType" class="Test\Model\WealthbotRebalancer\TransactionTest" file="/home/vlad/work/wealthbot-core/system/Test/Case/Model/WealthbotRebalancer/TransactionTest.php" line="62" assertions="1" time="0.000116"/>
      <testcase name="testSetTransactionType" class="Test\Model\WealthbotRebalancer\TransactionTest" file="/home/vlad/work/wealthbot-core/system/Test/Case/Model/WealthbotRebalancer/TransactionTest.php" line="68" assertions="2" time="0.000120"/>
      <testcase name="testIsTypeSell" class="Test\Model\WealthbotRebalancer\TransactionTest" file="/home/vlad/work/wealthbot-core/system/Test/Case/Model/WealthbotRebalancer/TransactionTest.php" line="80" assertions="2" time="0.000121"/>
      <testcase name="testIsTypeBuy" class="Test\Model\WealthbotRebalancer\TransactionTest" file="/home/vlad/work/wealthbot-core/system/Test/Case/Model/WealthbotRebalancer/TransactionTest.php" line="92" assertions="2" time="0.000119"/>
      <testcase name="testGetIsGain" class="Test\Model\WealthbotRebalancer\TransactionTest" file="/home/vlad/work/wealthbot-core/system/Test/Case/Model/WealthbotRebalancer/TransactionTest.php" line="104" assertions="1" time="0.000112"/>
      <testcase name="testSetIsGain" class="Test\Model\WealthbotRebalancer\TransactionTest" file="/home/vlad/work/wealthbot-core/system/Test/Case/Model/WealthbotRebalancer/TransactionTest.php" line="109" assertions="1" time="0.000110"/>
      <testcase name="testGetGrossAmount" class="Test\Model\WealthbotRebalancer\TransactionTest" file="/home/vlad/work/wealthbot-core/system/Test/Case/Model/WealthbotRebalancer/TransactionTest.php" line="115" assertions="1" time="0.000118"/>
      <testcase name="testSetGrossAmount" class="Test\Model\WealthbotRebalancer\TransactionTest" file="/home/vlad/work/wealthbot-core/system/Test/Case/Model/WealthbotRebalancer/TransactionTest.php" line="120" assertions="1" time="0.000114"/>
      <testcase name="testGetAccount" class="Test\Model\WealthbotRebalancer\TransactionTest" file="/home/vlad/work/wealthbot-core/system/Test/Case/Model/WealthbotRebalancer/TransactionTest.php" line="126" assertions="1" time="0.000109"/>
      <testcase name="testSetAccount" class="Test\Model\WealthbotRebalancer\TransactionTest" file="/home/vlad/work/wealthbot-core/system/Test/Case/Model/WealthbotRebalancer/TransactionTest.php" line="131" assertions="1" time="0.000115"/>
      <testcase name="testGetSecurity" class="Test\Model\WealthbotRebalancer\TransactionTest" file="/home/vlad/work/wealthbot-core/system/Test/Case/Model/WealthbotRebalancer/TransactionTest.php" line="141" assertions="1" time="0.000110"/>
      <testcase name="testSetSecurity" class="Test\Model\WealthbotRebalancer\TransactionTest" file="/home/vlad/work/wealthbot-core/system/Test/Case/Model/WealthbotRebalancer/TransactionTest.php" line="146" assertions="1" time="0.000115"/>
      <testcase name="testGetLot" class="Test\Model\WealthbotRebalancer\TransactionTest" file="/home/vlad/work/wealthbot-core/system/Test/Case/Model/WealthbotRebalancer/TransactionTest.php" line="156" assertions="1" time="0.000108"/>
      <testcase name="testSetLot" class="Test\Model\WealthbotRebalancer\TransactionTest" file="/home/vlad/work/wealthbot-core/system/Test/Case/Model/WealthbotRebalancer/TransactionTest.php" line="161" assertions="1" time="0.000113"/>
    </testsuite>
    <testsuite name="Test\Model\WealthbotRebalancer\TransactionType" file="/home/vlad/work/wealthbot-core/system/Test/Case/Model/WealthbotRebalancer/TransactionTypeTest.php" tests="3" assertions="4" failures="0" errors="0" time="0.000424">
      <testcase name="testLoadFromArray" class="Test\Model\WealthbotRebalancer\TransactionType" file="/home/vlad/work/wealthbot-core/system/Test/Case/Model/WealthbotRebalancer/TransactionTypeTest.php" line="28" assertions="2" time="0.000294"/>
      <testcase name="testGetName" class="Test\Model\WealthbotRebalancer\TransactionType" file="/home/vlad/work/wealthbot-core/system/Test/Case/Model/WealthbotRebalancer/TransactionTypeTest.php" line="34" assertions="1" time="0.000066"/>
      <testcase name="testSetName" class="Test\Model\WealthbotRebalancer\TransactionType" file="/home/vlad/work/wealthbot-core/system/Test/Case/Model/WealthbotRebalancer/TransactionTypeTest.php" line="39" assertions="1" time="0.000064"/>
    </testsuite>
  </testsuite>
</testsuites>
